index.ned
ipsuite-doc.ned
mpls-doc.ned
Applications/Generic/TrafficGen.ned
Applications/PingApp/PingApp.ned
Applications/TCPApp/MyTCPApp.ned
Applications/TCPApp/mytcpserverproc.ned
Applications/TCPApp/procserver.ned
Applications/TCPApp/tcpapp.ned
Applications/UDPApp/UDPApp.ned
Base/Join.ned
Base/Nop.ned
Base/Sink.ned
Examples/IPSuite/KIDSNw1/KIDSNw1.ned
Examples/IPSuite/McNetwork2/McNetwork2.ned
Examples/IPSuite/OldNetwork/McNetwork.ned
Examples/IPSuite/OldNetwork/Peer2Network.ned
Examples/IPSuite/PerformAnalysis/PerformAnalysis.ned
Examples/IPSuite/PerformAnalysis/PerformAnalysisNew.ned
Examples/IPSuite/TCPClientServerNet/ClientServerNetwork.ned
Examples/IPSuite/TCPFlavours/comnw.ned
Examples/IPSuite/TCPFlavours/dropswitch.ned
Examples/IPSuite/TCPFlavours/ipmodule.ned
Examples/IPSuite/TCPFlavours/switch.ned
Examples/IPSuite/TCPFlavours/TCPTester.ned
Examples/IPSuite/TCPTester/comnw.ned
Examples/IPSuite/TCPTester/dropswitch.ned
Examples/IPSuite/TCPTester/ipmodule.ned
Examples/IPSuite/TCPTester/switch.ned
Examples/IPSuite/TCPTester/TCPTester.ned
Examples/IPSuite/TCPUDPDirectNet/TCPUDPDirectNet.ned
Examples/IPSuite/UDPSockets/SocketApp.ned
Examples/IPSuite/UDPSockets/UDPSocketHost.ned
Examples/IPSuite/UDPSockets/UDPSockets.ned
Examples/MPLS/demo2/RSVPNet.ned
Examples/MPLS/ldp-mpls1/MPLSNet.ned
Examples/MPLS/ldp-mpls1/MPLSOnly.ned
Examples/MPLS/Tester/Tester.ned
Examples/MPLS/TestTE1/RSVPTE4.ned
Examples/MPLS/TestTE2/RSVPNet.ned
Examples/MPLS/TestTE3/RSVPNet.ned
Examples/MPLS/TestTE4/RSVPTE4.ned
Examples/MPLS/TestTE4Old/RSVPNet.ned
Examples/MPLS/TestTE5/RSVPTE4.ned
Examples/MPLS/TestTE6/RSVPTE4.ned
Network/IPv4/Core/ErrorHandling.ned
Network/IPv4/Core/ICMP.ned
Network/IPv4/Core/IPFragmentation.ned
Network/IPv4/Core/IPMulticast.ned
Network/IPv4/Core/IPOutput.ned
Network/IPv4/Core/IPProcessing.ned
Network/IPv4/Core/IPSend.ned
Network/IPv4/Core/IPTunneling.ned
Network/IPv4/Core/LocalDeliver.ned
Network/IPv4/Core/PreRouting.ned
Network/IPv4/Core/Routing.ned
Network/IPv4/Core/RoutingTable.ned
Network/LDP/LDPInterface.ned
Network/LDP/LDPproc.ned
Network/LDP/tcp2ldp.ned
Network/LDP/tcpclientproc.ned
Network/LDP/tcpserverproc.ned
Network/LDP/UDPInterface.ned
Network/MPLS/DatalinkLayer.ned
Network/MPLS/InfoManager.ned
Network/MPLS/LIBTable.ned
Network/MPLS/MPLSModule.ned
Network/RSVP_TE/NetworkManager.ned
Network/RSVP_TE/OspfTe.ned
Network/RSVP_TE/RSVP.ned
Network/RSVP_TE/RSVPAppl.ned
Network/RSVP_TE/RSVPInterface.ned
Network/RSVP_TE/TED.ned
NetworkInterfaces/LinkLayer.ned
NetworkInterfaces/NetworkInterface.ned
NetworkInterfaces/Queues/InputQueue.ned
NetworkInterfaces/Queues/OutputQueue.ned
Nodes/IPSuite/BurstHost.ned
Nodes/IPSuite/BurstHostNew.ned
Nodes/IPSuite/FirstHopRouter.ned
Nodes/IPSuite/IPNode.ned
Nodes/IPSuite/KIDSRouter.ned
Nodes/IPSuite/mytcp4ip.ned
Nodes/IPSuite/NetworkLayers.ned
Nodes/IPSuite/NetworkLayersNew.ned
Nodes/IPSuite/Router.ned
Nodes/IPSuite/StandardHost.ned
Nodes/IPSuite/tcp4ip.ned
Nodes/IPSuite/TCPClientNode.ned
Nodes/IPSuite/TCPClientTest.ned
Nodes/IPSuite/TCPServerNode.ned
Nodes/IPSuite/TCPServerTest.ned
Nodes/IPSuite/UDPHost.ned
Nodes/IPSuite/UDPUpperLayers.ned
Nodes/MPLS/LSRNode.ned
Nodes/MPLS/NetworkLayersWithMPLS.ned
Nodes/MPLS/RSVP_LSR_Node.ned
Tests/MPLS/LDP1/MPLSNet.ned
Tests/MPLS/LDP1/MPLSOnly.ned
Transport/Socket/socketlayer.ned
Transport/TCP/TcpIpInterface.ned
Transport/TCP/tcpmodule.ned
Transport/UDP/UDPModule.ned
Transport/UDP/UDPProcessing.ned
