This file contains any messages produced by compilers while
running configure, to aid debugging if configure makes a mistake.

It was created by vibello configure 0.1, which was
generated by GNU Autoconf 2.67.  Invocation command line was

  $ ./configure SPEEDTEST_SOURCE=data/st_net-handcrafted_example.csv

## --------- ##
## Platform. ##
## --------- ##

hostname = giga
uname -m = x86_64
uname -r = 3.2.0-26-generic
uname -s = Linux
uname -v = #41-Ubuntu SMP Thu Jun 14 17:49:24 UTC 2012

/usr/bin/uname -p = unknown
/bin/uname -X     = unknown

/bin/arch              = unknown
/usr/bin/arch -k       = unknown
/usr/convex/getsysinfo = unknown
/usr/bin/hostinfo      = unknown
/bin/machine           = unknown
/usr/bin/oslevel       = unknown
/bin/universe          = unknown

PATH: /home/zoli/Projects/OMNET/DEVEL/omnetpp/bin
PATH: /usr/lib/lightdm/lightdm
PATH: /usr/local/sbin
PATH: /usr/local/bin
PATH: /usr/sbin
PATH: /usr/bin
PATH: /sbin
PATH: /bin
PATH: /usr/games


## ----------- ##
## Core tests. ##
## ----------- ##

configure:2343: checking for a BSD-compatible install
configure:2411: result: /usr/bin/install -c
configure:2422: checking whether build environment is sane
configure:2472: result: yes
configure:2500: WARNING: `missing' script is too old or missing
configure:2613: checking for a thread-safe mkdir -p
configure:2652: result: /bin/mkdir -p
configure:2665: checking for gawk
configure:2695: result: no
configure:2665: checking for mawk
configure:2681: found /usr/bin/mawk
configure:2692: result: mawk
configure:2703: checking whether make sets $(MAKE)
configure:2725: result: yes
configure:2811: checking for greadlink
configure:2844: result: no
configure:2852: checking for readlink
configure:2868: found /bin/readlink
configure:2880: result: yes
configure:2891: checking for readlink
configure:2909: found /bin/readlink
configure:2921: result: /bin/readlink
configure:3047: checking for g++
configure:3063: found /usr/bin/g++
configure:3074: result: g++
configure:3101: checking for C++ compiler version
configure:3110: g++ --version >&5
g++ (Ubuntu/Linaro 4.6.3-1ubuntu5) 4.6.3
Copyright (C) 2011 Free Software Foundation, Inc.
This is free software; see the source for copying conditions.  There is NO
warranty; not even for MERCHANTABILITY or FITNESS FOR A PARTICULAR PURPOSE.

configure:3121: $? = 0
configure:3110: g++ -v >&5
Using built-in specs.
COLLECT_GCC=g++
COLLECT_LTO_WRAPPER=/usr/lib/gcc/x86_64-linux-gnu/4.6/lto-wrapper
Target: x86_64-linux-gnu
Configured with: ../src/configure -v --with-pkgversion='Ubuntu/Linaro 4.6.3-1ubuntu5' --with-bugurl=file:///usr/share/doc/gcc-4.6/README.Bugs --enable-languages=c,c++,fortran,objc,obj-c++ --prefix=/usr --program-suffix=-4.6 --enable-shared --enable-linker-build-id --with-system-zlib --libexecdir=/usr/lib --without-included-gettext --enable-threads=posix --with-gxx-include-dir=/usr/include/c++/4.6 --libdir=/usr/lib --enable-nls --with-sysroot=/ --enable-clocale=gnu --enable-libstdcxx-debug --enable-libstdcxx-time=yes --enable-gnu-unique-object --enable-plugin --enable-objc-gc --disable-werror --with-arch-32=i686 --with-tune=generic --enable-checking=release --build=x86_64-linux-gnu --host=x86_64-linux-gnu --target=x86_64-linux-gnu
Thread model: posix
gcc version 4.6.3 (Ubuntu/Linaro 4.6.3-1ubuntu5) 
configure:3121: $? = 0
configure:3110: g++ -V >&5
g++: error: unrecognized option '-V'
g++: fatal error: no input files
compilation terminated.
configure:3121: $? = 4
configure:3110: g++ -qversion >&5
g++: error: unrecognized option '-qversion'
g++: fatal error: no input files
compilation terminated.
configure:3121: $? = 4
configure:3141: checking whether the C++ compiler works
configure:3163: g++    conftest.cpp  >&5
configure:3167: $? = 0
configure:3215: result: yes
configure:3218: checking for C++ compiler default output file name
configure:3220: result: a.out
configure:3226: checking for suffix of executables
configure:3233: g++ -o conftest    conftest.cpp  >&5
configure:3237: $? = 0
configure:3259: result: 
configure:3281: checking whether we are cross compiling
configure:3289: g++ -o conftest    conftest.cpp  >&5
configure:3293: $? = 0
configure:3300: ./conftest
configure:3304: $? = 0
configure:3319: result: no
configure:3324: checking for suffix of object files
configure:3346: g++ -c   conftest.cpp >&5
configure:3350: $? = 0
configure:3371: result: o
configure:3375: checking whether we are using the GNU C++ compiler
configure:3394: g++ -c   conftest.cpp >&5
configure:3394: $? = 0
configure:3403: result: yes
configure:3412: checking whether g++ accepts -g
configure:3432: g++ -c -g  conftest.cpp >&5
configure:3432: $? = 0
configure:3473: result: yes
configure:3507: checking for style of include used by make
configure:3535: result: GNU
configure:3560: checking dependency style of g++
configure:3670: result: none
configure:3685: checking whether #! works in shell scripts
configure:3702: result: yes
configure:3712: checking for ruby library dbi 
configure:3731: result: yes
configure:3749: checking for ruby library builder 
configure:3768: result: yes
configure:3867: checking for gcc
configure:3883: found /usr/bin/gcc
configure:3894: result: gcc
configure:4123: checking for C compiler version
configure:4132: gcc --version >&5
gcc (Ubuntu/Linaro 4.6.3-1ubuntu5) 4.6.3
Copyright (C) 2011 Free Software Foundation, Inc.
This is free software; see the source for copying conditions.  There is NO
warranty; not even for MERCHANTABILITY or FITNESS FOR A PARTICULAR PURPOSE.

configure:4143: $? = 0
configure:4132: gcc -v >&5
Using built-in specs.
COLLECT_GCC=gcc
COLLECT_LTO_WRAPPER=/usr/lib/gcc/x86_64-linux-gnu/4.6/lto-wrapper
Target: x86_64-linux-gnu
Configured with: ../src/configure -v --with-pkgversion='Ubuntu/Linaro 4.6.3-1ubuntu5' --with-bugurl=file:///usr/share/doc/gcc-4.6/README.Bugs --enable-languages=c,c++,fortran,objc,obj-c++ --prefix=/usr --program-suffix=-4.6 --enable-shared --enable-linker-build-id --with-system-zlib --libexecdir=/usr/lib --without-included-gettext --enable-threads=posix --with-gxx-include-dir=/usr/include/c++/4.6 --libdir=/usr/lib --enable-nls --with-sysroot=/ --enable-clocale=gnu --enable-libstdcxx-debug --enable-libstdcxx-time=yes --enable-gnu-unique-object --enable-plugin --enable-objc-gc --disable-werror --with-arch-32=i686 --with-tune=generic --enable-checking=release --build=x86_64-linux-gnu --host=x86_64-linux-gnu --target=x86_64-linux-gnu
Thread model: posix
gcc version 4.6.3 (Ubuntu/Linaro 4.6.3-1ubuntu5) 
configure:4143: $? = 0
configure:4132: gcc -V >&5
gcc: error: unrecognized option '-V'
gcc: fatal error: no input files
compilation terminated.
configure:4143: $? = 4
configure:4132: gcc -qversion >&5
gcc: error: unrecognized option '-qversion'
gcc: fatal error: no input files
compilation terminated.
configure:4143: $? = 4
configure:4147: checking whether we are using the GNU C compiler
configure:4166: gcc -c   conftest.c >&5
configure:4166: $? = 0
configure:4175: result: yes
configure:4184: checking whether gcc accepts -g
configure:4204: gcc -c -g  conftest.c >&5
configure:4204: $? = 0
configure:4245: result: yes
configure:4262: checking for gcc option to accept ISO C89
configure:4326: gcc  -c -g -O2  conftest.c >&5
configure:4326: $? = 0
configure:4339: result: none needed
configure:4361: checking dependency style of gcc
configure:4471: result: none
configure:4487: checking for XOpenDisplay in -lX11
configure:4512: gcc -o conftest -g -O2   conftest.c -lX11   >&5
configure:4512: $? = 0
configure:4521: result: yes
configure:4532: checking for _ZN5boost15program_options19options_descriptionC1ERKSsjj in -lboost_program_options
configure:4557: gcc -o conftest -g -O2   conftest.c -lboost_program_options  -lX11  >&5
configure:4557: $? = 0
configure:4566: result: yes
configure:4577: checking for _ZN5boost6thread12start_threadEv in -lboost_thread
configure:4602: gcc -o conftest -g -O2   conftest.c -lboost_thread  -lboost_program_options -lX11  >&5
configure:4602: $? = 0
configure:4611: result: yes
configure:4629: checking how to run the C preprocessor
configure:4660: gcc -E  conftest.c
configure:4660: $? = 0
configure:4674: gcc -E  conftest.c
conftest.c:15:28: fatal error: ac_nonexistent.h: No such file or directory
compilation terminated.
configure:4674: $? = 1
configure: failed program was:
| /* confdefs.h */
| #define PACKAGE_NAME "vibello"
| #define PACKAGE_TARNAME "vibello"
| #define PACKAGE_VERSION "0.1"
| #define PACKAGE_STRING "vibello 0.1"
| #define PACKAGE_BUGREPORT "philipp.berndt@tu-berlin.de"
| #define PACKAGE_URL ""
| #define PACKAGE "vibello"
| #define VERSION "0.1"
| #define GNP_DIMENSIONS 2
| #define HAVE_LIBX11 1
| #define HAVE_LIBBOOST_PROGRAM_OPTIONS 1
| #define HAVE_LIBBOOST_THREAD 1
| /* end confdefs.h.  */
| #include <ac_nonexistent.h>
configure:4699: result: gcc -E
configure:4719: gcc -E  conftest.c
configure:4719: $? = 0
configure:4733: gcc -E  conftest.c
conftest.c:15:28: fatal error: ac_nonexistent.h: No such file or directory
compilation terminated.
configure:4733: $? = 1
configure: failed program was:
| /* confdefs.h */
| #define PACKAGE_NAME "vibello"
| #define PACKAGE_TARNAME "vibello"
| #define PACKAGE_VERSION "0.1"
| #define PACKAGE_STRING "vibello 0.1"
| #define PACKAGE_BUGREPORT "philipp.berndt@tu-berlin.de"
| #define PACKAGE_URL ""
| #define PACKAGE "vibello"
| #define VERSION "0.1"
| #define GNP_DIMENSIONS 2
| #define HAVE_LIBX11 1
| #define HAVE_LIBBOOST_PROGRAM_OPTIONS 1
| #define HAVE_LIBBOOST_THREAD 1
| /* end confdefs.h.  */
| #include <ac_nonexistent.h>
configure:4762: checking for X
configure:4870: gcc -E  conftest.c
configure:4870: $? = 0
configure:4901: gcc -o conftest -g -O2   conftest.c -lX11 -lboost_thread -lboost_program_options -lX11  >&5
configure:4901: $? = 0
configure:4951: result: libraries , headers 
configure:4955: checking for grep that handles long lines and -e
configure:5013: result: /bin/grep
configure:5018: checking for egrep
configure:5080: result: /bin/grep -E
configure:5085: checking for ANSI C header files
configure:5105: gcc -c -g -O2  conftest.c >&5
configure:5105: $? = 0
configure:5178: gcc -o conftest -g -O2   conftest.c -lboost_thread -lboost_program_options -lX11  >&5
configure:5178: $? = 0
configure:5178: ./conftest
configure:5178: $? = 0
configure:5189: result: yes
configure:5202: checking for sys/types.h
configure:5202: gcc -c -g -O2  conftest.c >&5
configure:5202: $? = 0
configure:5202: result: yes
configure:5202: checking for sys/stat.h
configure:5202: gcc -c -g -O2  conftest.c >&5
configure:5202: $? = 0
configure:5202: result: yes
configure:5202: checking for stdlib.h
configure:5202: gcc -c -g -O2  conftest.c >&5
configure:5202: $? = 0
configure:5202: result: yes
configure:5202: checking for string.h
configure:5202: gcc -c -g -O2  conftest.c >&5
configure:5202: $? = 0
configure:5202: result: yes
configure:5202: checking for memory.h
configure:5202: gcc -c -g -O2  conftest.c >&5
configure:5202: $? = 0
configure:5202: result: yes
configure:5202: checking for strings.h
configure:5202: gcc -c -g -O2  conftest.c >&5
configure:5202: $? = 0
configure:5202: result: yes
configure:5202: checking for inttypes.h
configure:5202: gcc -c -g -O2  conftest.c >&5
configure:5202: $? = 0
configure:5202: result: yes
configure:5202: checking for stdint.h
configure:5202: gcc -c -g -O2  conftest.c >&5
configure:5202: $? = 0
configure:5202: result: yes
configure:5202: checking for unistd.h
configure:5202: gcc -c -g -O2  conftest.c >&5
configure:5202: $? = 0
configure:5202: result: yes
configure:5217: checking for stdint.h
configure:5217: result: yes
configure:5217: checking for unistd.h
configure:5217: result: yes
configure:5229: checking for stdbool.h that conforms to C99
configure:5314: gcc -c -g -O2  conftest.c >&5
configure:5314: $? = 0
configure:5321: result: yes
configure:5323: checking for _Bool
configure:5323: gcc -c -g -O2  conftest.c >&5
configure:5323: $? = 0
configure:5323: gcc -c -g -O2  conftest.c >&5
conftest.c: In function 'main':
conftest.c:63:20: error: expected expression before ')' token
configure:5323: $? = 1
configure: failed program was:
| /* confdefs.h */
| #define PACKAGE_NAME "vibello"
| #define PACKAGE_TARNAME "vibello"
| #define PACKAGE_VERSION "0.1"
| #define PACKAGE_STRING "vibello 0.1"
| #define PACKAGE_BUGREPORT "philipp.berndt@tu-berlin.de"
| #define PACKAGE_URL ""
| #define PACKAGE "vibello"
| #define VERSION "0.1"
| #define GNP_DIMENSIONS 2
| #define HAVE_LIBX11 1
| #define HAVE_LIBBOOST_PROGRAM_OPTIONS 1
| #define HAVE_LIBBOOST_THREAD 1
| #define STDC_HEADERS 1
| #define HAVE_SYS_TYPES_H 1
| #define HAVE_SYS_STAT_H 1
| #define HAVE_STDLIB_H 1
| #define HAVE_STRING_H 1
| #define HAVE_MEMORY_H 1
| #define HAVE_STRINGS_H 1
| #define HAVE_INTTYPES_H 1
| #define HAVE_STDINT_H 1
| #define HAVE_UNISTD_H 1
| #define HAVE_STDINT_H 1
| #define HAVE_UNISTD_H 1
| /* end confdefs.h.  */
| #include <stdio.h>
| #ifdef HAVE_SYS_TYPES_H
| # include <sys/types.h>
| #endif
| #ifdef HAVE_SYS_STAT_H
| # include <sys/stat.h>
| #endif
| #ifdef STDC_HEADERS
| # include <stdlib.h>
| # include <stddef.h>
| #else
| # ifdef HAVE_STDLIB_H
| #  include <stdlib.h>
| # endif
| #endif
| #ifdef HAVE_STRING_H
| # if !defined STDC_HEADERS && defined HAVE_MEMORY_H
| #  include <memory.h>
| # endif
| # include <string.h>
| #endif
| #ifdef HAVE_STRINGS_H
| # include <strings.h>
| #endif
| #ifdef HAVE_INTTYPES_H
| # include <inttypes.h>
| #endif
| #ifdef HAVE_STDINT_H
| # include <stdint.h>
| #endif
| #ifdef HAVE_UNISTD_H
| # include <unistd.h>
| #endif
| int
| main ()
| {
| if (sizeof ((_Bool)))
| 	    return 0;
|   ;
|   return 0;
| }
configure:5323: result: yes
configure:5339: checking for inline
configure:5355: gcc -c -g -O2  conftest.c >&5
configure:5355: $? = 0
configure:5363: result: inline
configure:5381: checking for size_t
configure:5381: gcc -c -g -O2  conftest.c >&5
configure:5381: $? = 0
configure:5381: gcc -c -g -O2  conftest.c >&5
conftest.c: In function 'main':
conftest.c:65:21: error: expected expression before ')' token
configure:5381: $? = 1
configure: failed program was:
| /* confdefs.h */
| #define PACKAGE_NAME "vibello"
| #define PACKAGE_TARNAME "vibello"
| #define PACKAGE_VERSION "0.1"
| #define PACKAGE_STRING "vibello 0.1"
| #define PACKAGE_BUGREPORT "philipp.berndt@tu-berlin.de"
| #define PACKAGE_URL ""
| #define PACKAGE "vibello"
| #define VERSION "0.1"
| #define GNP_DIMENSIONS 2
| #define HAVE_LIBX11 1
| #define HAVE_LIBBOOST_PROGRAM_OPTIONS 1
| #define HAVE_LIBBOOST_THREAD 1
| #define STDC_HEADERS 1
| #define HAVE_SYS_TYPES_H 1
| #define HAVE_SYS_STAT_H 1
| #define HAVE_STDLIB_H 1
| #define HAVE_STRING_H 1
| #define HAVE_MEMORY_H 1
| #define HAVE_STRINGS_H 1
| #define HAVE_INTTYPES_H 1
| #define HAVE_STDINT_H 1
| #define HAVE_UNISTD_H 1
| #define HAVE_STDINT_H 1
| #define HAVE_UNISTD_H 1
| #define HAVE__BOOL 1
| #define HAVE_STDBOOL_H 1
| /* end confdefs.h.  */
| #include <stdio.h>
| #ifdef HAVE_SYS_TYPES_H
| # include <sys/types.h>
| #endif
| #ifdef HAVE_SYS_STAT_H
| # include <sys/stat.h>
| #endif
| #ifdef STDC_HEADERS
| # include <stdlib.h>
| # include <stddef.h>
| #else
| # ifdef HAVE_STDLIB_H
| #  include <stdlib.h>
| # endif
| #endif
| #ifdef HAVE_STRING_H
| # if !defined STDC_HEADERS && defined HAVE_MEMORY_H
| #  include <memory.h>
| # endif
| # include <string.h>
| #endif
| #ifdef HAVE_STRINGS_H
| # include <strings.h>
| #endif
| #ifdef HAVE_INTTYPES_H
| # include <inttypes.h>
| #endif
| #ifdef HAVE_STDINT_H
| # include <stdint.h>
| #endif
| #ifdef HAVE_UNISTD_H
| # include <unistd.h>
| #endif
| int
| main ()
| {
| if (sizeof ((size_t)))
| 	    return 0;
|   ;
|   return 0;
| }
configure:5381: result: yes
configure:5392: checking for uint32_t
configure:5392: gcc -c -g -O2  conftest.c >&5
configure:5392: $? = 0
configure:5392: result: yes
configure:5408: checking for error_at_line
configure:5424: gcc -o conftest -g -O2   conftest.c -lboost_thread -lboost_program_options -lX11  >&5
configure:5424: $? = 0
configure:5432: result: yes
configure:5445: checking for sqrt
configure:5445: gcc -o conftest -g -O2   conftest.c -lboost_thread -lboost_program_options -lX11  >&5
conftest.c:52:6: warning: conflicting types for built-in function 'sqrt' [enabled by default]
/tmp/cce8jPWD.o: In function `main':
/home/zoli/Projects/proba/vibello/conftest.c:63: undefined reference to `sqrt'
collect2: ld returned 1 exit status
configure:5445: $? = 1
configure: failed program was:
| /* confdefs.h */
| #define PACKAGE_NAME "vibello"
| #define PACKAGE_TARNAME "vibello"
| #define PACKAGE_VERSION "0.1"
| #define PACKAGE_STRING "vibello 0.1"
| #define PACKAGE_BUGREPORT "philipp.berndt@tu-berlin.de"
| #define PACKAGE_URL ""
| #define PACKAGE "vibello"
| #define VERSION "0.1"
| #define GNP_DIMENSIONS 2
| #define HAVE_LIBX11 1
| #define HAVE_LIBBOOST_PROGRAM_OPTIONS 1
| #define HAVE_LIBBOOST_THREAD 1
| #define STDC_HEADERS 1
| #define HAVE_SYS_TYPES_H 1
| #define HAVE_SYS_STAT_H 1
| #define HAVE_STDLIB_H 1
| #define HAVE_STRING_H 1
| #define HAVE_MEMORY_H 1
| #define HAVE_STRINGS_H 1
| #define HAVE_INTTYPES_H 1
| #define HAVE_STDINT_H 1
| #define HAVE_UNISTD_H 1
| #define HAVE_STDINT_H 1
| #define HAVE_UNISTD_H 1
| #define HAVE__BOOL 1
| #define HAVE_STDBOOL_H 1
| /* end confdefs.h.  */
| /* Define sqrt to an innocuous variant, in case <limits.h> declares sqrt.
|    For example, HP-UX 11i <limits.h> declares gettimeofday.  */
| #define sqrt innocuous_sqrt
| 
| /* System header to define __stub macros and hopefully few prototypes,
|     which can conflict with char sqrt (); below.
|     Prefer <limits.h> to <assert.h> if __STDC__ is defined, since
|     <limits.h> exists even on freestanding compilers.  */
| 
| #ifdef __STDC__
| # include <limits.h>
| #else
| # include <assert.h>
| #endif
| 
| #undef sqrt
| 
| /* Override any GCC internal prototype to avoid an error.
|    Use char because int might match the return type of a GCC
|    builtin and then its argument prototype would still apply.  */
| #ifdef __cplusplus
| extern "C"
| #endif
| char sqrt ();
| /* The GNU C library defines this for functions which it implements
|     to always fail with ENOSYS.  Some functions are actually named
|     something starting with __ and the normal name is an alias.  */
| #if defined __stub_sqrt || defined __stub___sqrt
| choke me
| #endif
| 
| int
| main ()
| {
| return sqrt ();
|   ;
|   return 0;
| }
configure:5445: result: no
configure:5580: creating ./config.status

## ---------------------- ##
## Running config.status. ##
## ---------------------- ##

This file was extended by vibello config.status 0.1, which was
generated by GNU Autoconf 2.67.  Invocation command line was

  CONFIG_FILES    = 
  CONFIG_HEADERS  = 
  CONFIG_LINKS    = 
  CONFIG_COMMANDS = 
  $ ./config.status 

on giga

config.status:878: creating Makefile
config.status:878: creating config.h
config.status:1058: config.h is unchanged
config.status:1106: executing depfiles commands

## ---------------- ##
## Cache variables. ##
## ---------------- ##

ac_cv_builder_Builder=yes
ac_cv_c_compiler_gnu=yes
ac_cv_c_inline=inline
ac_cv_c_uint32_t=yes
ac_cv_cxx_compiler_gnu=yes
ac_cv_dbi_DBI=yes
ac_cv_env_CCC_set=
ac_cv_env_CCC_value=
ac_cv_env_CC_set=
ac_cv_env_CC_value=
ac_cv_env_CFLAGS_set=
ac_cv_env_CFLAGS_value=
ac_cv_env_COUNTRY_LOOKUP_SOURCE_set=
ac_cv_env_COUNTRY_LOOKUP_SOURCE_value=
ac_cv_env_CPPFLAGS_set=
ac_cv_env_CPPFLAGS_value=
ac_cv_env_CPP_set=
ac_cv_env_CPP_value=
ac_cv_env_CXXFLAGS_set=
ac_cv_env_CXXFLAGS_value=
ac_cv_env_CXX_set=
ac_cv_env_CXX_value=
ac_cv_env_GNP_DIMENSIONS_set=
ac_cv_env_GNP_DIMENSIONS_value=
ac_cv_env_LDFLAGS_set=
ac_cv_env_LDFLAGS_value=
ac_cv_env_LIBS_set=
ac_cv_env_LIBS_value=
ac_cv_env_PINGER_LOOKUP_SOURCE_set=
ac_cv_env_PINGER_LOOKUP_SOURCE_value=
ac_cv_env_SPEEDTEST_SOURCE_set=set
ac_cv_env_SPEEDTEST_SOURCE_value=data/st_net-handcrafted_example.csv
ac_cv_env_XMKMF_set=
ac_cv_env_XMKMF_value=
ac_cv_env_build_alias_set=
ac_cv_env_build_alias_value=
ac_cv_env_host_alias_set=
ac_cv_env_host_alias_value=
ac_cv_env_target_alias_set=
ac_cv_env_target_alias_value=
ac_cv_func_sqrt=no
ac_cv_have_x='have_x=yes	ac_x_includes='\'''\''	ac_x_libraries='\'''\'''
ac_cv_header_inttypes_h=yes
ac_cv_header_memory_h=yes
ac_cv_header_stdbool_h=yes
ac_cv_header_stdc=yes
ac_cv_header_stdint_h=yes
ac_cv_header_stdlib_h=yes
ac_cv_header_string_h=yes
ac_cv_header_strings_h=yes
ac_cv_header_sys_stat_h=yes
ac_cv_header_sys_types_h=yes
ac_cv_header_unistd_h=yes
ac_cv_lib_X11_XOpenDisplay=yes
ac_cv_lib_boost_program_options__ZN5boost15program_options19options_descriptionC1ERKSsjj=yes
ac_cv_lib_boost_thread__ZN5boost6thread12start_threadEv=yes
ac_cv_lib_error_at_line=yes
ac_cv_objext=o
ac_cv_path_EGREP='/bin/grep -E'
ac_cv_path_GREP=/bin/grep
ac_cv_path_READLINK=/bin/readlink
ac_cv_path_install='/usr/bin/install -c'
ac_cv_path_mkdir=/bin/mkdir
ac_cv_prog_AWK=mawk
ac_cv_prog_CPP='gcc -E'
ac_cv_prog_READLINK=yes
ac_cv_prog_ac_ct_CC=gcc
ac_cv_prog_ac_ct_CXX=g++
ac_cv_prog_cc_c89=
ac_cv_prog_cc_g=yes
ac_cv_prog_cxx_g=yes
ac_cv_prog_make_make_set=yes
ac_cv_sys_interpreter=yes
ac_cv_type__Bool=yes
ac_cv_type_size_t=yes
am_cv_CC_dependencies_compiler_type=none
am_cv_CXX_dependencies_compiler_type=none

## ----------------- ##
## Output variables. ##
## ----------------- ##

ACLOCAL='aclocal-1.11'
AMDEPBACKSLASH='\'
AMDEP_FALSE='#'
AMDEP_TRUE=''
AMTAR='tar'
AUTOCONF='autoconf'
AUTOHEADER='autoheader'
AUTOMAKE='automake-1.11'
AWK='mawk'
CANONICALIZE='/bin/readlink -f'
CC='gcc'
CCDEPMODE='depmode=none'
CFLAGS='-g -O2'
COUNTRY_LOOKUP_SOURCE='/home/zoli/Projects/proba/vibello/data/lookup.xml'
CPP='gcc -E'
CPPFLAGS=''
CXX='g++'
CXXDEPMODE='depmode=none'
CXXFLAGS='-g -O2'
CYGPATH_W='echo'
DEFS='-DHAVE_CONFIG_H'
DEPDIR='.deps'
ECHO_C=''
ECHO_N='-n'
ECHO_T=''
EGREP='/bin/grep -E'
EXEEXT=''
GNP_DIMENSIONS='2'
GREP='/bin/grep'
INSTALL_DATA='${INSTALL} -m 644'
INSTALL_PROGRAM='${INSTALL}'
INSTALL_SCRIPT='${INSTALL}'
INSTALL_STRIP_PROGRAM='$(install_sh) -c -s'
LDFLAGS=''
LIBOBJS=''
LIBS='-lboost_thread -lboost_program_options -lX11 '
LTLIBOBJS=''
MAKEINFO='makeinfo'
MKDIR_P='/bin/mkdir -p'
OBJEXT='o'
PACKAGE='vibello'
PACKAGE_BUGREPORT='philipp.berndt@tu-berlin.de'
PACKAGE_NAME='vibello'
PACKAGE_STRING='vibello 0.1'
PACKAGE_TARNAME='vibello'
PACKAGE_URL=''
PACKAGE_VERSION='0.1'
PATH_SEPARATOR=':'
PINGER_LOOKUP_SOURCE='/home/zoli/Projects/proba/vibello/data/lookup.xml'
READLINK='/bin/readlink'
REALPATH=''
SET_MAKE=''
SHELL='/bin/bash'
SPEEDTEST_SOURCE='/home/zoli/Projects/proba/vibello/data/st_net-handcrafted_example.csv'
STRIP=''
VERSION='0.1'
XMKMF=''
ac_ct_CC='gcc'
ac_ct_CXX='g++'
am__EXEEXT_FALSE=''
am__EXEEXT_TRUE='#'
am__fastdepCC_FALSE=''
am__fastdepCC_TRUE='#'
am__fastdepCXX_FALSE=''
am__fastdepCXX_TRUE='#'
am__include='include'
am__isrc=''
am__leading_dot='.'
am__quote=''
am__tar='${AMTAR} chof - "$$tardir"'
am__untar='${AMTAR} xf -'
bindir='${exec_prefix}/bin'
build_alias=''
datadir='${datarootdir}'
datarootdir='${prefix}/share'
docdir='${datarootdir}/doc/${PACKAGE_TARNAME}'
dvidir='${docdir}'
exec_prefix='${prefix}'
host_alias=''
htmldir='${docdir}'
includedir='${prefix}/include'
infodir='${datarootdir}/info'
install_sh='${SHELL} /home/zoli/Projects/proba/vibello/install-sh'
libdir='${exec_prefix}/lib'
libexecdir='${exec_prefix}/libexec'
localedir='${datarootdir}/locale'
localstatedir='${prefix}/var'
mandir='${datarootdir}/man'
mkdir_p='/bin/mkdir -p'
oldincludedir='/usr/include'
pdfdir='${docdir}'
prefix='/usr/local'
program_transform_name='s,x,x,'
psdir='${docdir}'
sbindir='${exec_prefix}/sbin'
sharedstatedir='${prefix}/com'
sysconfdir='${prefix}/etc'
target_alias=''

## ----------- ##
## confdefs.h. ##
## ----------- ##

/* confdefs.h */
#define PACKAGE_NAME "vibello"
#define PACKAGE_TARNAME "vibello"
#define PACKAGE_VERSION "0.1"
#define PACKAGE_STRING "vibello 0.1"
#define PACKAGE_BUGREPORT "philipp.berndt@tu-berlin.de"
#define PACKAGE_URL ""
#define PACKAGE "vibello"
#define VERSION "0.1"
#define GNP_DIMENSIONS 2
#define HAVE_LIBX11 1
#define HAVE_LIBBOOST_PROGRAM_OPTIONS 1
#define HAVE_LIBBOOST_THREAD 1
#define STDC_HEADERS 1
#define HAVE_SYS_TYPES_H 1
#define HAVE_SYS_STAT_H 1
#define HAVE_STDLIB_H 1
#define HAVE_STRING_H 1
#define HAVE_MEMORY_H 1
#define HAVE_STRINGS_H 1
#define HAVE_INTTYPES_H 1
#define HAVE_STDINT_H 1
#define HAVE_UNISTD_H 1
#define HAVE_STDINT_H 1
#define HAVE_UNISTD_H 1
#define HAVE__BOOL 1
#define HAVE_STDBOOL_H 1

configure: exit 0
