1e-06 1452 0
1.8e-05 1452 0
0.061302 1452 0
5e-06 1452 0
4e-06 1452 0
0.059326 1452 0
1e-05 1452 0
7e-06 1452 0
0.05692 1452 0
7e-06 1452 0
7e-06 1452 0
0.019057 1452 0
0.000166 1452 0
1.4e-05 1452 0
0.039539 1452 0
1.5e-05 1452 0
1.2e-05 1452 0
0.01798 1452 0
1.2e-05 1452 0
1.1e-05 1452 0
0.01045 1452 0
6e-06 1452 0
0.002255 1452 0
0.030468 1452 0
1e-05 1452 0
4e-06 1452 0
0.015619 1452 0
1e-05 1452 0
7e-06 1452 0
0.006892 1452 0
8e-06 1452 0
7e-06 1452 0
0.010983 1452 0
8e-06 1452 0
7e-06 1452 0
0.023642 1452 0
8.8e-05 1452 0
1.7e-05 1452 0
0.006041 1452 0
9e-06 1452 0
8e-06 1452 0
0.012141 1452 0
1e-05 1452 0
1e-05 1452 0
0.00826 1452 0
9e-06 1452 0
8e-06 1452 0
0.010568 1452 0
8e-06 1452 0
5e-06 1452 0
0.008862 1452 0
0.000129 1452 0
0.011625 1452 0
0.009174 1452 0
0.01482 1452 0
0.001929 1452 0
0.008131 1452 0
0.008974 1452 0
0.008442 1452 0
0.010459 1452 0
0.009121 1452 0
0.007814 1452 0
0.0165 1452 0
0.001274 1452 0
0.009028 1452 0
0.008047 1452 0
0.008266 1452 0
0.010097 1452 0
0.011445 1452 0
0.006626 1452 0
0.007722 1452 0
0.008728 1452 0
0.009856 1452 0
0.007032 1452 0
0.008668 1452 0
0.006332 1452 0
0.008889 1452 0
0.198181 50 0
0.017691 61 0
0.214917 52 0
0.216395 83 0
0.078223 49 0
0.030448 32 0
0.076285 21 0
0.049883 27 0
0.036886 46 0
0.100979 27 0
0.277097 93 0
0.078867 44 0
0.056243 43 0
0.035607 25 0
0.04297 34 0
0.185755 20 0
0.088491 49 0
0.119063 34 0
0.134365 53 0
0.165994 70 0
0.190722 16 0
0.034845 37 0
0.158878 47 0
0.116619 34 0
0.126984 16 0
0.015221 29 0
0.089438 27 0
0.109175 8 0
0.083652 52 0
0.021935 429 0
0.08164 35 0
0.484439 27 0
0.324093 27 0
0.040256 53 0
0.143069 37 0
0.031462 23 0
0.271138 22 0
0.510218 20 0
0.333895 9 0
0.234326 7 0
0.124166 9 0
0.330259 11 0
0.627744 5 0
0.32171 8 0
0.058673 15 0
0.333076 9 0
0.366498 45 0
0.041218 49 0
0.093221 53 0
0.131917 49 0
0.030002 9 0
0.052016 45 0
0.1192 59 0
0.083861 111 0
0.139258 106 0
0.276958 25 0
0.027496 32 0
0.204498 1024 0
0.086373 516 0
0.034618 8 0
0.119762 72 0
0.029221 68 0
0.190266 113 0
0.076666 289 0
0.050788 57 0
0.038391 26 0
0.015299 26 0
0.032116 59 0
0.016297 26 0
0.200144 87 0
0.059153 26 0
0.181381 72 0
0.207737 54 0
0.070007 32 0
0.132988 29 0
0.073834 49 0
0.017047 58 0
0.187934 8 0
0.207401 364 0
0.013901 41 0
0.095197 288 0
0.107451 65 0
0.046048 37 0
0.014946 12 0
0.027458 34 0
0.014894 18 0
0.089885 76 0
0.01588 62 0
0.016633 64 0
0.047001 8 0
0.026813 11 0
0.016929 55 0
0.095928 18 0
0.034642 136 0
0.067078 8 0
0.125758 37 0
0.085328 27 0
0.01695 63 0
0.181169 12 0
0.016599 31 0
0.016007 65 0
0.040444 49 0
0.034596 27 0
0.109319 150 0
0.058541 63 0
0.0656 40 0
0.092867 195 0
0.082255 59 0
0.066176 55 0
0.078866 25 0
0.01615 48 0
0.114007 62 0
0.092588 18 0
0.127393 61 0
0.098454 19 0
0.095913 22 0
0.058195 64 0
0.066282 19 0
0.023374 249 0
0.070602 21 0
0.058668 62 0
0.064601 46 0
0.047109 22 0
0.094046 39 0
0.032124 59 0
0.14746 18 0
0.043506 42 0
0.016349 129 0
0.099428 70 0
0.059591 10 0
0.014183 20 0
0.16622 60 0
0.038673 8 0
0.016735 24 0
0.196817 34 0
0.014863 19 0
0.0773 53 0
0.150909 30 0
0.111662 23 0
0.014726 61 0
0.066497 8 0
0.077032 47 0
0.050098 18 0
0.01608 61 0
0.198901 27 0
0.015038 57 0
0.059923 25 0
0.024851 78 0
0.135587 22 0
0.013788 50 0
0.066071 8 0
0.101205 26 0
0.11938 20 0
0.12973 61 0
0.093762 23 0
0.122307 62 0
0.114645 22 0
0.106477 58 0
0.198777 63 0
0.089515 7 0
0.138202 61 0
0.100694 81 0
0.103662 60 0
0.032031 43 0
0.020723 65 0
0.179173 59 0
0.107458 14 0
0.112576 8 0
0.0194 76 0
0.089496 13 0
0.197467 49 0
0.019572 13 0
0.223436 18 0
0.068369 8 0
0.138089 22 0
0.015286 15 0
0.02308 64 0
0.184776 35 0
0.036872 61 0
0.046282 85 0
0.052585 41 0
0.07725 17 0
0.094256 53 0
0.021903 8 0
0.108576 12 0
0.172062 46 0
0.048031 12 0
0.029447 16 0
0.160092 8 0
0.018223 44 0
0.194199 78 0
0.037146 11 0
0.127276 64 0
0.079484 9 0
0.020144 35 0
0.123161 57 0
0.043976 26 0
0.034101 39 0
0.122477 58 0
0.037988 11 0
0.049599 11 0
0.133886 46 0
0.060283 134 0
0.041834 25 0
0.210387 9 0
0.198817 8 0
0.016193 9 0
0.214914 8 0
0.061012 8 0
0.018875 68 0
0.146405 15 0
0.069652 31 0
0.032477 79 0
0.064517 428 0
0.043958 13 0
0.172268 19 0
0.048523 10 0
0.05138 57 0
0.089088 54 0
0.079522 9 0
0.172084 68 0
0.018416 55 0
0.038377 15 0
0.216295 1336 0
0.020489 35 0
0.030505 44 0
0.06338 17 0
0.281136 53 0
0.051727 8 0
0.045464 8 0
0.019469 43 0
0.017954 190 0
0.046584 88 0
0.028687 22 0
0.180245 13 0
0.227931 55 0
0.11084 53 0
0.017492 18 0
0.277048 54 0
0.207111 43 0
0.09855 55 0
0.06961 12 0
0.053624 8 0
0.019835 46 0
0.083382 45 0
0.097032 24 0
0.027913 16 0
0.058703 9 0
0.255583 42 0
0.416265 40 0
0.040827 11 0
0.076177 50 0
0.189993 8 0
0.059946 70 0
0.043001 21 0
0.111321 24 0
0.026137 8 0
0.017549 36 0
0.043782 133 0
0.063718 8 0
0.172795 36 0
0.16643 21 0
0.051443 46 0
0.348192 8 0
0.33347 8 0
0.016158 64 0
0.08087 7 0
0.179276 8 0
0.145733 48 0
0.246325 12 0
0.031353 18 0
0.043202 52 0
0.030817 14 0
0.048885 1140 0
0.133169 9 0
0.029927 16 0
0.016997 59 0
0.255146 49 0
0.035327 12 0
0.1129 23 0
0.063824 8 0
0.018357 65 0
0.21553 21 0
0.04395 5 0
0.018933 5 0
0.067357 20 0
0.026767 6 0
0.0346 5 0
0.017784 5 0
0.097701 18 0
0.124571 48 0
0.187739 69 0
0.283031 32 0
0.033049 26 0
0.266495 8 0
0.020322 183 0
0.069701 36 0
0.14788 34 0
0.201952 8 0
0.323067 19 0
0.370855 27 0
0.114965 8 0
0.055195 685 0
0.093658 16 0
0.068886 12 0
0.118139 53 0
0.246855 47 0
0.335893 22 0
0.072724 50 0
0.110823 34 0
0.060704 21 0
0.037852 22 0
0.030668 6 0
0.024909 8 0
0.023155 8 0
0.183355 20 0
0.053057 5 0
0.039584 5 0
0.097636 18 0
0.021209 5 0
0.044465 5 0
0.165312 178 0
0.045055 8 0
0.057879 22 0
0.038992 5 0
0.054065 1452 0
1e-05 1452 0
0.003406 871 0
0.11484 246 0
0.040575 82 0
0.01914 29 0
0.043507 86 0
0.058928 206 0
0.078709 51 0
0.081501 57 0
0.089777 264 0
0.045953 66 0
0.215405 50 0
0.22206 60 0
0.214434 75 0
0.17926 106 0
0.095045 32 0
0.113679 59 0
0.108794 56 0
0.205098 42 0
0.02363 202 0
0.02459 62 0
0.057772 8 0
0.22863 16 0
0.211005 21 0
0.019147 49 0
0.015984 17 0
0.038407 26 0
0.012229 8 0
0.033789 60 0
0.26779 54 0
0.059285 65 0
0.019531 56 0
0.022728 26 0
0.185513 51 0
0.060178 25 0
0.108592 446 0
0.053475 49 0
0.27855 8 0
0.134638 57 0
0.227111 53 0
0.21725 52 0
0.10637 8 0
0.053185 43 0
0.045863 55 0
0.161262 49 0
0.16324 46 0
0.150623 26 0
0.078605 15 0
0.023098 82 0
0.119105 94 0
0.034122 21 0
0.187267 39 0
0.582136 53 0
0.077509 28 0
0.030081 21 0
0.142563 455 0
0.029111 41 0
0.020284 22 0
0.019184 12 0
0.050506 14 0
0.019701 59 0
0.074778 8 0
0.04588 43 0
0.110703 43 0
0.020667 44 0
0.099006 59 0
0.318676 56 0
0.081959 703 0
0.120166 72 0
0.136429 19 0
0.065031 8 0
0.016028 15 0
0.0496 19 0
0.129034 42 0
0.127179 489 0
0.036898 19 0
0.054755 5 0
0.036719 6 0
0.02555 5 0
0.07233 138 0
0.054061 57 0
0.073312 9 0
0.112608 46 0
0.197422 1452 0
8e-06 1452 0
7e-06 1190 0
0.05769 8 0
0.079086 111 0
0.093668 54 0
0.460763 58 0
0.178529 88 0
0.080587 52 0
0.125814 13 0
0.315841 71 0
0.360916 53 0
0.032216 58 0
0.16627 52 0
0.100894 44 0
0.030496 89 0
0.525711 39 0
0.162059 20 0
0.015763 51 0
0.293261 153 0
0.017204 21 0
0.306656 39 0
0.264489 42 0
0.121726 26 0
0.286173 22 0
0.048644 28 0
0.486642 47 0
0.186948 24 0
0.023927 37 0
0.110966 127 0
0.196551 8 0
0.055433 56 0
0.216476 54 0
0.160832 22 0
0.02408 57 0
0.034644 7 0
0.019713 5 0
0.220004 55 0
0.166827 1369 0
0.143568 26 0
0.153572 62 0
0.024942 61 0
0.130834 8 0
0.095118 54 0
0.08979 102 0
0.081376 21 0
0.054904 40 0
0.018464 8 0
0.165839 86 0
0.02205 60 0
0.157148 11 0
0.179494 50 0
0.161994 8 0
0.141645 51 0
0.167615 44 0
0.05594 20 0
0.15999 36 0
0.140645 8 0
0.247369 19 0
0.02483 5 0
0.048653 6 0
0.014576 21 0
0.0156 6 0
0.030647 5 0
0.037731 5 0
0.12215 1452 0
1.3e-05 1452 0
8e-06 1192 0
1.2e-05 1452 0
9e-06 1452 0
0.061529 1452 0
6e-06 1452 0
5e-06 1444 0
0.04196 431 0
0.02418 146 0
0.04929 15 0
0.022577 35 0
0.030957 97 0
0.165652 20 0
0.047549 56 0
0.019828 85 0
0.243791 59 0
0.106662 54 0
0.01777 58 0
0.018034 62 0
0.161514 65 0
0.036232 61 0
0.014422 54 0
0.032444 36 0
0.197319 51 0
0.183787 47 0
0.204847 48 0
0.047702 54 0
0.060549 38 0
0.103725 47 0
0.131012 71 0
0.034893 5 0
0.026613 79 0
0.017725 10 0
0.018096 23 0
0.01894 26 0
0.04402 56 0
0.031823 56 0
0.101267 64 0
0.156817 32 0
0.225574 54 0
0.24104 51 0
0.144633 25 0
0.089226 34 0
0.032254 54 0
0.085285 165 0
0.064767 57 0
0.12529 14 0
0.210183 52 0
0.043957 84 0
0.094619 22 0
0.05024 52 0
0.256288 171 0
0.018005 21 0
0.067254 18 0
0.057339 51 0
0.191224 23 0
0.01701 22 0
0.150705 50 0
0.384557 52 0
0.091373 8 0
0.033122 34 0
0.094532 50 0
0.033131 20 0
0.153224 68 0
0.01902 50 0
0.057904 8 0
0.020535 51 0
0.083256 45 0
0.035901 48 0
0.218207 28 0
0.031864 74 0
0.229675 51 0
0.062749 60 0
0.185609 22 0
0.036706 5 0
0.029746 6 0
0.089138 27 0
0.071957 51 0
0.033939 8 0
0.068891 39 0
0.210352 51 0
0.066026 54 0
0.15206 47 0
0.064812 8 0
0.147308 52 0
0.164286 33 0
0.055552 53 0
0.027983 523 0
0.089203 16 0
0.193559 8 0
0.176794 24 0
0.06408 57 0
0.107616 1452 0
7e-06 1452 0
7e-06 1192 0
0.063448 375 0
0.078502 89 0
0.020636 187 0
0.02759 40 0
0.016573 81 0
0.136477 32 0
0.146577 51 0
0.01635 48 0
0.094946 30 0
0.101401 9 0
0.060637 51 0
0.272091 34 0
0.107973 52 0
0.232106 14 0
0.160746 1452 0
9e-06 517 0
0.115336 29 0
0.030672 6 0
0.499031 53 0
0.019428 19 0
0.209933 27 0
0.114929 53 0
0.335273 46 0
0.139319 56 0
0.103227 23 0
0.246125 51 0
0.086957 8 0
0.076601 54 0
0.079361 49 0
0.116639 87 0
0.055508 44 0
0.05013 51 0
0.167195 46 0
0.085833 53 0
0.146935 68 0
0.064271 6 0
0.060986 48 0
0.126587 8 0
0.078103 46 0
0.230101 46 0
0.038559 438 0
0.184474 74 0
0.038401 7 0
0.047712 6 0
0.041101 166 0
0.016839 25 0
0.164477 55 0
0.05821 33 0
0.144862 53 0
0.320533 21 0
0.074281 49 0
0.271421 19 0
0.25161 53 0
0.01519 56 0
0.056794 8 0
0.137163 50 0
0.247662 46 0
0.049799 45 0
0.058026 89 0
0.080175 76 0
0.051009 54 0
0.078834 20 0
0.119076 1353 0
0.094522 101 0
0.054851 8 0
0.015908 47 0
0.047108 274 0
0.048957 45 0
0.060112 68 0
0.066795 49 0
0.192913 77 0
0.18566 59 0
0.031017 5 0
0.014883 5 0
0.043698 6 0
0.051935 8 0
0.038403 63 0
0.03243 109 0
0.230627 43 0
0.033781 28 0
0.071076 55 0
0.284803 22 0
0.204048 1341 0
0.05698 53 0
0.059894 83 0
0.034685 54 0
0.30385 12 0
0.189053 21 0
0.016194 6 0
0.038905 27 0
0.019254 6 0
0.074068 8 0
0.122124 51 0
0.099642 94 0
0.073154 51 0
0.025784 29 0
0.019823 11 0
0.067477 80 0
0.141319 46 0
0.126391 55 0
0.195154 40 0
0.108836 20 0
0.041242 8 0
0.105203 55 0
0.232826 8 0
0.120414 125 0
0.214262 64 0
0.353517 103 0
0.239138 21 0
0.020232 70 0
0.058376 78 0
0.021558 8 0
0.051189 53 0
0.115872 50 0
0.188836 8 0
0.095335 55 0
0.239416 25 0
0.344322 7 0
0.018257 47 0
0.095383 54 0
0.221943 8 0
0.156727 38 0
0.151699 153 0
0.114262 261 0
0.095328 23 0
0.054795 19 0
0.015209 9 0
0.092568 9 0
0.053922 411 0
0.11142 26 0
0.176931 8 0
0.076225 70 0
0.036737 48 0
0.039045 24 0
0.092595 55 0
0.229136 43 0
0.100938 55 0
0.184583 44 0
0.088795 34 0
0.041618 80 0
0.031821 74 0
0.028122 39 0
0.036943 57 0
0.153088 159 0
0.066522 57 0
0.021647 20 0
0.043921 6 0
0.089016 34 0
0.057031 47 0
0.161638 60 0
0.059912 52 0
0.060569 37 0
0.08648 56 0
0.016131 29 0
0.057964 49 0
0.044266 54 0
0.090637 8 0
0.017726 66 0
0.016708 48 0
0.085384 50 0
0.113984 108 0
0.095893 54 0
0.031779 97 0
0.026773 95 0
0.073309 58 0
0.015839 48 0
0.042934 20 0
0.157852 56 0
0.017014 8 0
0.137954 58 0
0.057472 108 0
0.120125 56 0
0.017887 12 0
0.078204 259 0
0.014684 50 0
0.041954 32 0
0.017134 838 0
0.059186 60 0
0.030649 21 0
0.063747 70 0
0.03317 8 0
0.014551 66 0
0.081004 96 0
0.109996 57 0
0.083761 55 0
0.144099 57 0
0.085597 55 0
0.059056 42 0
0.060456 143 0
0.029943 8 0
0.069684 50 0
0.045393 52 0
0.055611 7 0
0.099056 42 0
0.199991 66 0
0.022928 47 0
0.040854 46 0
0.143803 74 0
0.036553 52 0
0.229375 52 0
0.031376 45 0
0.037017 12 0
0.061597 48 0
0.01731 25 0
0.062889 50 0
0.026082 426 0
0.086618 54 0
0.082737 9 0
0.029513 53 0
0.023197 167 0
0.132063 166 0
0.018133 230 0
0.0896 56 0
0.092147 24 0
0.112696 85 0
0.014418 54 0
0.156942 64 0
0.033146 9 0
0.020953 99 0
0.034979 40 0
0.174642 55 0
0.10134 9 0
0.038874 22 0
0.019686 189 0
0.057906 51 0
0.048347 71 0
0.15033 38 0
0.021109 12 0
0.18587 985 0
0.099494 53 0
0.041469 252 0
0.029422 91 0
0.042834 46 0
0.019068 45 0
0.084631 21 0
0.27804 21 0
0.197864 55 0
0.069268 20 0
0.05826 45 0
0.282671 8 0
0.017733 42 0
0.056626 22 0
0.038138 8 0
0.02048 87 0
0.042073 46 0
0.091254 36 0
0.10946 29 0
0.054653 26 0
0.016761 74 0
0.200991 44 0
0.374527 58 0
0.101945 7 0
0.108296 1317 0
0.222719 26 0
0.205358 9 0
0.330445 25 0
0.05547 9 0
0.151591 44 0
0.440261 60 0
0.423385 58 0
0.31108 46 0
0.047585 9 0
0.099175 57 0
0.099221 55 0
0.034274 29 0
0.079779 1452 0
1.2e-05 418 0
0.103132 27 0
0.035268 5 0
0.051508 45 0
0.080299 39 0
0.035103 37 0
0.152529 60 0
0.22016 21 0
0.017769 57 0
0.062977 175 0
0.036021 304 0
0.154497 39 0
0.071738 20 0
0.087479 39 0
0.019439 20 0
0.226171 53 0
0.331168 28 0
0.340652 8 0
0.171471 58 0
0.094642 1293 0
0.080737 8 0
0.046489 65 0
0.024601 25 0
0.032352 62 0
0.084614 41 0
0.076493 59 0
0.095595 384 0
0.039221 29 0
0.074355 106 0
0.190276 57 0
0.070562 8 0
0.066868 58 0
0.070313 21 0
0.145421 58 0
0.041807 8 0
0.178417 57 0
0.163703 8 0
0.04555 57 0
0.095377 204 0
0.041811 251 0
0.06616 62 0
0.085783 8 0
0.164266 462 0
0.116989 57 0
0.03611 22 0
0.025155 73 0
0.086752 60 0
0.126991 7 0
0.084069 53 0
0.05835 8 0
0.09957 302 0
0.0201 53 0
0.018167 100 0
0.036043 59 0
0.128703 80 0
0.02057 8 0
0.11213 63 0
0.023548 26 0
0.017102 66 0
0.172531 60 0
0.182061 55 0
0.044966 19 0
0.091743 56 0
0.268246 60 0
0.019193 56 0
0.056495 53 0
0.112689 135 0
0.060429 57 0
0.066759 54 0
0.047119 5 0
0.086811 133 0
0.020186 49 0
0.070776 8 0
0.080789 182 0
0.068556 48 0
0.046061 68 0
0.052186 8 0
0.121258 53 0
0.066133 207 0
0.134285 55 0
0.124976 72 0
0.042312 23 0
0.059838 51 0
0.130667 79 0
0.027742 21 0
0.048137 55 0
0.169308 41 0
0.016089 41 0
0.094753 8 0
0.178516 342 0
0.024736 372 0
0.098798 42 0
0.042633 51 0
0.047559 8 0
0.0311 49 0
0.073458 423 0
0.214693 167 0
0.032806 56 0
0.071388 70 0
0.11153 21 0
0.389061 68 0
0.086998 48 0
0.28504 74 0
0.050726 40 0
0.075652 440 0
0.122455 63 0
0.023833 6 0
0.094301 39 0
0.184822 38 0
0.181641 44 0
0.04673 81 0
0.205216 23 0
0.141168 20 0
0.892134 44 0
0.120315 44 0
0.074665 7 0
0.568565 13 0
0.141621 43 0
0.135577 621 0
0.067286 8 0
0.036041 71 0
0.321718 8 0
0.234902 23 0
0.109277 8 0
0.365079 8 0
0.932818 46 0
0.027874 34 0
0.219666 1452 0
7e-06 376 0
0.112612 55 0
0.024447 226 0
0.014778 8 0
0.040976 9 0
0.072561 62 0
0.250079 7 0
0.238883 45 0
0.014908 19 0
0.119255 84 0
0.055312 56 0
0.107903 38 0
0.479865 26 0
0.328636 8 0
0.328241 55 0
0.217638 48 0
0.136166 8 0
0.065142 88 0
0.163317 65 0
0.014992 57 0
0.056271 8 0
0.043071 8 0
0.421261 22 0
0.608545 8 0
0.031081 48 0
0.271497 57 0
0.128216 46 0
0.016489 27 0
0.053803 56 0
0.172998 8 0
0.015708 57 0
0.025866 50 0
0.018099 26 0
0.021359 66 0
0.147692 50 0
0.137755 9 0
0.100088 46 0
0.238208 48 0
0.205053 47 0
0.189432 51 0
0.082394 21 0
0.179032 35 0
0.018874 12 0
0.088763 52 0
0.587212 11 0
0.21429 33 0
0.103485 32 0
0.016622 8 0
0.164525 8 0
0.027109 46 0
0.163244 9 0
0.06123 41 0
0.264854 8 0
0.350714 8 0
0.098647 36 0
0.14965 34 0
0.073074 22 0
0.108704 59 0
0.15891 34 0
0.091008 8 0
0.061858 58 0
0.044608 50 0
0.157669 40 0
0.016227 27 0
0.061318 47 0
0.101113 40 0
0.077465 31 0
0.07442 39 0
0.067548 28 0
0.019025 93 0
0.11231 59 0
0.51626 53 0
0.015885 55 0
0.039873 11 0
0.150558 49 0
0.057939 21 0
0.113391 49 0
0.024004 9 0
0.156075 1452 0
1.7e-05 3 0
0.042573 5 0
0.035812 5 0
0.026296 32 0
0.03382 41 0
0.125364 1362 0
0.019213 55 0
0.232265 49 0
0.033443 20 0
0.024389 5 0
0.019993 5 0
0.018273 5 0
0.016515 6 0
0.336595 45 0
0.070684 42 0
0.192267 129 0
0.102209 53 0
0.235582 22 0
0.018315 5 0
0.015836 5 0
0.018172 5 0
0.020734 5 0
0.141848 37 0
0.093777 1452 0
1.3e-05 1452 0
1.2e-05 1192 0
1.4e-05 1452 0
1.2e-05 1452 0
0.062005 1293 0
0.01224 5 0
0.015435 5 0
0.025357 78 0
0.015847 27 0
0.030712 64 0
0.01459 25 0
0.181334 62 0
0.050094 58 0
0.177431 81 0
0.243032 33 0
0.020705 12 0
0.047958 26 0
0.161623 18 0
0.043273 9 0
0.016228 6 0
0.027692 100 0
0.041958 8 0
0.024828 87 0
0.034788 36 0
0.016639 23 0
0.02578 8 0
0.015888 5 0
0.017249 6 0
0.017225 5 0
0.017838 21 0
0.018783 9 0
0.033653 5 0
0.018608 7 0
0.016175 6 0
0.020805 5 0
0.055953 6 0
0.069952 24 0
0.035939 53 0
0.016553 8 0
0.017765 5 0
0.019069 38 0
0.050816 7 0
0.024031 27 0
0.071147 59 0
0.031253 59 0
0.102347 38 0
0.017322 8 0
0.016919 53 0
0.096181 7 0
0.18079 55 0
0.312598 53 0
0.563382 38 0
0.235291 20 0
0.168447 172 0
0.079837 56 0
0.364464 54 0
0.116734 52 0
0.0483 38 0
0.19408 40 0
0.194745 10 0
0.016142 9 0
0.03943 6 0
0.214173 58 0
0.437243 111 0
0.243711 56 0
0.125742 49 0
0.300194 22 0
0.117191 51 0
0.415575 1452 0
8e-06 1165 0
0.104592 129 0
0.087412 210 0
0.037865 30 0
0.067081 94 0
0.231919 51 0
0.023908 44 0
0.057639 60 0
0.106857 55 0
0.191047 39 0
0.02752 51 0
0.1696 47 0
0.080572 20 0
0.468696 54 0
0.066889 22 0
0.015409 5 0
0.034596 5 0
0.023242 5 0
0.062051 53 0
0.06768 19 0
0.12472 50 0
0.635596 20 0
0.015558 6 0
0.031132 40 0
0.016813 7 0
0.641576 58 0
0.208384 54 0
0.084338 51 0
0.505726 11 0
0.136465 45 0
0.017076 59 0
0.09058 25 0
0.2583 53 0
0.177513 371 0
0.034976 58 0
0.073199 17 0
0.127942 38 0
0.040316 53 0
0.278984 51 0
0.563053 312 0
0.089772 15 0
0.140473 58 0
0.141825 1452 0
1.6e-05 1452 0
0.056979 1452 0
6e-06 1452 0
4e-06 1452 0
0.056695 1452 0
5e-06 1452 0
7e-06 1452 0
0.008039 968 0
0.019371 77 0
0.035647 91 0
0.038801 121 0
0.044033 176 0
0.061256 70 0
0.08066 27 0
0.02176 242 0
0.116595 423 0
0.032346 22 0
0.016154 58 0
0.101562 53 0
0.07621 55 0
0.040368 135 0
0.052681 8 0
0.048993 575 0
0.069038 61 0
0.015379 36 0
0.036399 56 0
0.124282 1323 0
0.023922 61 0
0.194216 41 0
0.047213 54 0
0.283394 23 0
0.251893 40 0
0.085103 20 0
0.310876 56 0
0.01806 24 0
0.121288 50 0
0.182443 56 0
0.072026 41 0
0.173394 57 0
0.087783 23 0
0.055105 29 0
0.123043 47 0
0.076902 80 0
0.117757 40 0
0.124653 56 0
0.170592 48 0
0.037542 57 0
0.016833 27 0
0.300253 51 0
0.047556 18 0
0.167329 55 0
0.043776 54 0
0.015267 20 0
0.029388 5 0
0.025206 40 0
0.022216 7 0
0.016785 6 0
0.01793 58 0
0.029951 56 0
0.46662 51 0
0.016644 54 0
0.366605 34 0
0.303889 21 0
0.089505 53 0
0.086268 8 0
0.121505 47 0
0.150682 21 0
0.014723 5 0
0.049915 54 0
0.056761 135 0
0.187967 57 0
0.078386 74 0
0.299212 54 0
0.04574 49 0
0.277605 31 0
0.050606 8 0
0.054875 57 0
0.075947 38 0
0.017075 20 0
0.022738 280 0
0.072818 105 0
0.075825 41 0
0.019365 21 0
0.123975 36 0
0.293087 51 0
0.113742 54 0
0.083633 24 0
0.145095 52 0
0.112298 53 0
0.143742 8 0
0.024348 58 0
0.142832 22 0
0.014648 5 0
0.052959 6 0
0.10953 58 0
0.165689 34 0
0.159011 11 0
0.032051 57 0
0.308851 57 0
0.096672 57 0
0.029995 51 0
0.096091 44 0
0.01429 36 0
0.323233 26 0
0.013779 239 0
0.053104 55 0
0.044373 9 0
0.110114 57 0
0.231772 8 0
0.117361 21 0
0.489874 40 0
0.060394 77 0
0.130891 1452 0
1.1e-05 1452 0
7e-06 1192 0
0.05999 1452 0
7e-06 1452 0
5e-06 1452 0
0.02136 1452 0
1e-05 358 0
0.039492 193 0
0.050199 14 0
0.047161 176 0
0.029656 5 0
0.028576 6 0
0.134408 1452 0
1.8e-05 1452 0
1.5e-05 1192 0
1.8e-05 1452 0
1.5e-05 1452 0
0.057709 1452 0
7e-06 1452 0
7e-06 88 0
0.009434 51 0
0.040699 69 0
0.018939 108 0
0.045773 25 0
0.015354 54 0
0.023827 151 0
0.017916 83 0
0.016068 97 0
0.073993 28 0
0.071411 73 0
0.043832 1452 0
6e-06 56 0
0.025244 48 0
0.018116 128 0
0.050245 29 0
0.087031 96 0
0.145994 25 0
0.042707 6 0
0.053251 54 0
0.029203 43 0
0.015626 61 0
0.015004 55 0
0.189988 47 0
0.202725 56 0
0.079679 28 0
0.014706 98 0
0.044753 36 0
0.03159 103 0
0.022858 81 0
0.015972 33 0
0.093233 460 0
0.016926 55 0
0.031433 49 0
0.052668 97 0
0.056479 52 0
0.036191 6 0
0.024779 104 0
0.017832 38 0
0.014145 36 0
0.032341 45 0
0.015806 43 0
0.114746 56 0
0.16549 39 0
0.043887 101 0
0.078883 61 0
0.029477 21 0
0.034717 5 0
0.027586 6 0
0.015899 44 0
0.062974 8 0
0.02973 98 0
0.027256 5 0
0.016245 5 0
0.03604 5 0
0.012605 52 0
0.090723 52 0
0.015548 137 0
0.026695 20 0
0.02705 5 0
0.014124 5 0
0.042864 22 0
0.030798 83 0
0.052617 380 0
0.013268 53 0
0.051611 85 0
0.052189 48 0
0.049331 93 0
0.054411 73 0
0.030577 8 0
0.05059 5 0
0.073585 6 0
0.052251 79 0
0.048213 65 0
0.017138 45 0
0.042153 31 0
0.044242 54 0
0.033737 7 0
0.027581 9 0
0.029315 15 0
0.037164 63 0
0.054867 8 0
0.035726 48 0
0.015783 5 0
0.035526 55 0
0.032647 7 0
0.042894 184 0
0.017357 41 0
0.026324 100 0
0.029808 22 0
0.015334 62 0
0.044559 5 0
0.059241 108 0
0.01518 8 0
0.051964 5 0
0.046095 83 0
0.095172 58 0
0.1223 51 0
0.03441 57 0
0.055496 58 0
0.112824 51 0
0.036112 70 0
0.032221 5 0
0.029251 68 0
0.029403 7 0
0.068093 46 0
0.066217 58 0
0.080849 78 0
0.084504 42 0
0.044804 41 0
0.11134 63 0
0.05287 39 0
0.06844 21 0
0.035503 5 0
0.015834 56 0
0.037062 5 0
0.018882 52 0
0.142524 47 0
0.118803 53 0
0.082679 58 0
0.046208 42 0
0.056516 71 0
0.083988 27 0
0.027354 69 0
0.059269 112 0
0.153946 33 0
0.163578 55 0
0.072656 25 0
0.112175 33 0
0.016803 56 0
0.086973 8 0
0.070559 515 0
0.016603 59 0
0.097279 37 0
0.015503 56 0
0.130187 8 0
0.341431 53 0
0.196082 51 0
0.016768 55 0
0.053178 8 0
0.063167 55 0
0.085153 60 0
0.067596 53 0
0.146111 52 0
0.040059 8 0
0.18176 59 0
0.085924 131 0
0.113051 100 0
0.048256 9 0
0.226481 112 0
0.04194 18 0
0.033944 8 0
0.042392 1397 0
0.013825 65 0
0.013786 59 0
0.042414 5 0
0.020419 31 0
0.013899 47 0
0.014643 7 0
0.027769 54 0
0.036204 28 0
0.041426 78 0
0.017955 22 0
0.014973 66 0
0.014444 51 0
0.034433 45 0
0.087954 41 0
0.035243 40 0
0.463475 48 0
0.017934 153 0
0.115086 28 0
0.014727 18 0
0.034128 100 0
0.043476 56 0
0.01496 5 0
0.036139 98 0
0.390768 18 0
0.036941 117 0
0.025757 7 0
0.025993 5 0
0.069524 47 0
0.206656 8 0
0.338032 12 0
0.09752 82 0
0.014043 82 0
0.246456 70 0
0.048407 25 0
0.015591 49 0
0.1172 22 0
0.013044 5 0
0.013113 5 0
0.041978 5 0
0.007044 47 0
0.016948 113 0
0.041725 12 0
0.051763 1452 0
1.3e-05 1452 0
1e-05 1192 0
1.1e-05 236 0
0.040354 24 0
0.044167 5 0
0.061022 130 0
0.086701 80 0
0.506327 325 0
0.102113 14 0
0.123571 27 0
0.198278 57 0
0.144384 63 0
0.501847 40 0
0.427014 20 0
0.027661 42 0
0.18428 54 0
0.538663 1452 0
2.4e-05 1452 0
0.06243 1 0
0.059985 99 0
0.113491 39 0
0.219547 47 0
0.033857 97 0
0.065856 177 0
0.428513 50 0
0.04636 76 0
0.05836 50 0
0.091925 40 0
0.034244 74 0
0.175256 31 0
0.297555 26 0
0.222008 27 0
0.171337 79 0
0.093581 94 0
0.306689 48 0
0.207016 34 0
0.498589 74 0
0.478253 44 0
0.225619 190 0
0.088566 72 0
0.038086 70 0
0.014896 36 0
0.026525 23 0
0.030305 5 0
0.035354 5 0
0.013826 5 0
0.08042 96 0
0.028587 21 0
0.029195 215 0
0.171361 36 0
0.851944 57 0
0.193581 56 0
0.368016 37 0
0.217379 51 0
0.19737 1452 0
0.056908 1452 0
1e-05 1452 0
0.060323 1452 0
9e-06 359 0
0.046006 116 0
0.128741 57 0
0.0281 25 0
0.084028 25 0
0.137942 336 0
0.020499 1452 0
0.034984 1452 0
1.2e-05 1452 0
1e-05 560 0
0.058938 20 0
0.049345 90 0
0.015217 104 0
0.014796 52 0
0.024934 232 0
0.074397 30 0
0.043779 15 0
0.086128 59 0
0.10482 44 0
0.01598 100 0
0.085598 28 0
0.118801 25 0
0.016414 160 0
0.016944 161 0
0.051972 830 0
0.016653 29 0
0.078887 13 0
0.03337 658 0
0.116314 39 0
0.374988 8 0
0.016662 70 0
0.040053 31 0
0.117145 72 0
0.039451 66 0
0.015567 19 0
0.015434 39 0
0.417076 54 0
0.053053 25 0
0.016001 107 0
0.081012 40 0
0.102238 18 0
0.056922 21 0
0.029902 91 0
0.127266 25 0
0.104291 167 0
0.230633 8 0
0.023761 79 0
0.005749 58 0
0.049356 120 0
0.024709 581 0
0.07177 44 0
0.034743 53 0
0.018701 74 0
0.080346 27 0
0.03125 72 0
0.051569 34 0
0.371096 33 0
0.106454 29 0
0.018407 107 0
0.245933 50 0
0.014932 18 0
0.240041 23 0
0.051877 27 0
0.038926 214 0
0.022351 53 0
0.313911 46 0
0.116344 24 0
0.031246 25 0
0.031753 52 0
0.090559 201 0
0.21032 53 0
0.055217 26 0
0.437626 44 0
0.166009 50 0
0.158579 54 0
0.210712 24 0
0.116986 54 0
0.016541 57 0
0.095866 48 0
0.046432 37 0
0.37152 34 0
0.097403 37 0
0.075909 52 0
0.022395 486 0
0.061075 40 0
0.293355 20 0
0.089924 56 0
0.492821 21 0
0.046254 23 0
0.223557 37 0
0.546209 24 0
0.185303 54 0
0.131766 7 0
0.381013 54 0
0.045311 1446 0
0.115363 45 0
0.100108 63 0
0.110165 101 0
0.110629 172 0
0.054772 9 0
0.030861 86 0
0.051271 57 0
0.072841 68 0
0.110109 77 0
0.017027 55 0
0.090319 102 0
0.036373 51 0
0.033735 22 0
0.503157 231 0
0.026183 59 0
0.016906 54 0
0.039372 5 0
0.016076 9 0
0.018026 46 0
0.015498 20 0
0.151068 26 0
0.51523 104 0
0.149542 60 0
0.395217 7 0
0.012114 55 0
0.076004 20 0
0.030435 32 0
0.10375 54 0
0.038934 22 0
0.013228 5 0
0.031735 5 0
0.05996 6 0
0.030187 21 0
0.042689 5 0
0.013192 5 0
0.023654 6 0
0.060508 46 0
0.118519 9 0
0.309703 22 0
0.0152 5 0
0.044359 5 0
0.031926 8 0
0.474468 35 0
0.185409 75 0
0.029257 57 0
0.253464 19 0
0.014802 53 0
0.055925 12 0
0.075687 8 0
0.082782 54 0
0.048211 32 0
0.085833 74 0
0.152108 22 0
0.062772 56 0
0.072145 116 0
0.165991 50 0
0.297996 1452 0
1.4e-05 1452 0
1e-05 467 0
0.113906 144 0
0.020235 64 0
0.031616 49 0
0.201377 44 0
0.01626 41 0
0.057843 8 0
0.129236 49 0
0.141239 668 0
0.077547 57 0
0.014812 115 0
0.228407 49 0
0.158298 8 0
0.101694 50 0
0.032547 22 0
0.036139 6 0
0.024381 5 0
0.018534 5 0
0.246409 35 0
0.013901 50 0
0.014724 77 0
0.033141 111 0
0.024711 56 0
0.024518 5 0
0.163451 112 0
0.057039 21 0
0.25066 7 0
0.110102 27 0
0.026305 54 0
0.198119 267 0
0.076243 39 0
0.015358 18 0
0.039866 143 0
0.287359 52 0
0.09903 721 0
0.102123 28 0
0.190678 42 0
0.013467 131 0
0.194918 55 0
0.161026 1452 0
1e-05 1032 0
0.053513 66 0
0.043379 126 0
0.0138 66 0
0.160148 60 0
0.069766 82 0
0.01275 47 0
0.014205 27 0
0.289542 25 0
0.17403 55 0
0.207723 87 0
0.030443 5 0
0.013621 5 0
0.013562 39 0
0.013775 83 0
0.369418 142 0
0.016344 40 0
0.022051 49 0
0.837637 54 0
0.296154 228 0
0.015598 111 0
0.315138 1172 0
0.017499 131 0
0.055249 1452 0
7e-06 207 0
0.03085 92 0
0.06989 158 0
0.052035 48 0
0.01411 118 0
0.025823 21 0
0.232966 114 0
0.037926 53 0
0.032198 59 0
0.028954 15 0
0.013625 53 0
0.076087 20 0
0.013433 5 0
0.01369 6 0
0.020675 5 0
0.015565 5 0
0.014087 5 0
0.079634 86 0
0.920958 56 0
0.074891 53 0
0.01589 23 0
0.038366 137 0
0.184868 54 0
0.052117 33 0
0.029149 220 0
0.141963 36 0
0.372333 51 0
0.26273 168 0
0.017446 19 0
0.015235 36 0
0.173374 69 0
0.283576 25 0
0.082139 79 0
0.640971 36 0
0.015951 64 0
0.054375 103 0
0.306678 86 0
0.216828 104 0
0.325448 121 0
0.19637 37 0
0.023785 20 0
0.453336 20 0
0.029835 47 0
0.191907 8 0
0.018126 69 0
0.305945 7 0
0.222795 129 0
0.085253 29 0
0.25999 50 0
0.35411 11 0
0.041819 5 0
0.057839 11 0
0.05656 53 0
0.012508 26 0
0.044037 39 0
0.053531 35 0
0.061081 7 0
0.152871 24 0
0.337353 75 0
0.289345 44 0
0.18405 33 0
0.054489 103 0
0.642785 27 0
0.042364 84 0
0.292857 7 0
0.457043 158 0
0.118081 70 0
0.173284 21 0
0.141085 21 0
0.107624 42 0
0.042953 37 0
0.013616 264 0
0.053941 23 0
0.317965 18 0
0.08267 74 0
0.022383 21 0
0.103102 15 0
0.445962 8 0
0.015624 68 0
0.482107 88 0
0.236701 19 0
0.175632 26 0
0.055741 40 0
0.097095 24 0
0.30471 72 0
0.118127 21 0
0.072708 119 0
0.568797 8 0
0.014235 70 0
0.580869 17 0
0.203565 24 0
0.418362 8 0
0.018201 70 0
0.055601 19 0
0.262828 21 0
0.897494 19 0
0.256712 8 0
0.015491 104 0
0.097723 24 0
0.065474 73 0
0.469416 645 0
0.108406 107 0
0.296749 8 0
0.196831 22 0
0.261194 36 0
0.199899 594 0
0.125033 21 0
0.449077 110 0
0.031584 177 0
0.05217 67 0
0.024102 47 0
0.832025 66 0
0.134434 68 0
0.195131 108 0
0.230919 30 0
0.113063 21 0
0.086542 8 0
0.016622 34 0
0.107023 35 0
0.11575 56 0
0.665399 51 0
0.222238 44 0
0.618663 27 0
0.310787 29 0
0.024279 20 0
0.089783 9 0
0.069593 25 0
0.591778 17 0
1.04033 47 0
0.858173 102 0
0.189199 20 0
0.240154 49 0
0.479191 25 0
1.59416 21 0
0.535344 46 0
0.289209 18 0
1.84913 19 0
0.401058 25 0
0.595179 96 0
1.33391 21 0
0.065868 91 0
0.061672 32 0
0.443909 21 0
0.354665 17 0
0.879298 70 0
0.433575 99 0
0.196411 45 0
0.056409 36 0
0.201607 21 0
0.043914 27 0
0.015587 53 0
0.039779 634 0
0.108447 21 0
0.644165 223 0
0.101422 17 0
1.36169 24 0
0.528547 50 0
0.58142 104 0
0.328893 68 0
1.22957 21 0
2.32407 23 0
2.1314 55 0
0.299473 59 0
0.054538 5 0
0.017504 5 0
0.016549 5 0
0.181116 21 0
0.53343 68 0
0.129784 96 0
0.08301 35 0
0.218259 61 0
0.987584 57 0
0.347562 23 0
0.160349 23 0
0.882098 66 0
0.114723 23 0
0.026889 46 0
0.018865 8 0
0.045666 61 0
0.043358 9 0
0.048595 42 0
0.382632 44 0
0.264182 25 0
0.210584 67 0
0.045107 67 0
0.424506 20 0
0.054551 21 0
0.583921 105 0
0.441312 51 0
0.561165 128 0
0.031642 46 0
0.146624 221 0
0.081324 19 0
0.200951 65 0
0.235483 24 0
0.52106 23 0
1.30791 66 0
0.0196 36 0
0.866079 21 0
0.784759 21 0
0.86196 69 0
0.026934 72 0
0.102655 85 0
0.058345 31 0
0.032263 21 0
0.168832 48 0
0.161584 64 0
0.080266 23 0
0.327685 65 0
0.499077 29 0
0.846153 127 0
0.874847 61 0
0.176337 20 0
0.094062 619 0
0.098735 21 0
0.166772 227 0
0.349327 66 0
0.105482 96 0
0.349659 68 0
0.017856 8 0
0.044634 11 0
0.011701 5 0
1.04983 25 0
0.36636 403 0
0.093797 18 0
0.105174 50 0
0.056331 32 0
0.284995 27 0
0.015821 62 0
0.183086 259 0
1.06235 209 0
0.108906 16 0
0.299597 8 0
0.136429 20 0
0.512765 20 0
0.909142 20 0
0.089483 79 0
0.056678 24 0
0.14445 22 0
0.571972 23 0
0.453208 92 0
0.959799 69 0
0.941217 19 0
0.371491 21 0
0.413544 8 0
0.77471 19 0
0.06824 65 0
0.054917 23 0
0.152498 36 0
0.7928 21 0
0.481146 84 0
0.026207 9 0
1.0941 41 0
1.14087 20 0
1.53511 20 0
0.729085 21 0
0.245533 17 0
0.768877 69 0
0.447074 108 0
0.104185 101 0
1.18293 18 0
0.207509 62 0
1.22261 33 0
0.732949 43 0
0.016074 21 0
0.081492 21 0
0.057101 78 0
0.128762 24 0
0.014371 67 0
0.694144 37 0
0.450754 60 0
0.547139 33 0
0.501539 84 0
0.099184 80 0
0.206719 18 0
0.039575 21 0
0.808467 34 0
1.17843 35 0
0.228012 41 0
0.013759 26 0
0.02913 21 0
0.223367 20 0
0.014822 76 0
0.368367 49 0
0.743228 66 0
1.39919 21 0
0.424275 66 0
0.335278 30 0
0.013289 22 0
0.247393 28 0
0.014757 64 0
0.657108 130 0
0.085823 20 0
0.46973 23 0
0.093275 130 0
0.512035 70 0
0.572631 45 0
1.58558 17 0
0.854052 18 0
0.085591 22 0
0.078172 21 0
0.992811 64 0
0.224597 46 0
0.020803 81 0
2.75451 21 0
0.042881 78 0
0.571367 119 0
0.487776 27 0
0.92022 67 0
0.214432 21 0
0.967437 69 0
0.651369 24 0
0.116402 1452 0
1.4e-05 157 0
0.058944 59 0
0.059543 27 0
0.62372 54 0
0.143337 54 0
0.115332 52 0
0.036101 20 0
0.272048 53 0
0.657474 19 0
0.110676 106 0
0.383961 34 0
0.156399 24 0
0.067418 20 0
0.096117 53 0
0.018994 58 0
0.025419 7 0
0.020134 5 0
0.016792 6 0
0.201063 54 0
0.109109 72 0
0.038905 158 0
0.036713 21 0
0.043498 56 0
0.245974 51 0
0.411906 53 0
0.216026 8 0
0.131853 70 0
0.206654 56 0
0.197997 57 0
0.055402 206 0
0.206136 52 0
0.248886 51 0
0.107908 32 0
0.24262 32 0
0.222666 27 0
0.149106 32 0
0.065935 28 0
0.014924 68 0
0.014954 34 0
0.039843 99 0
0.222831 21 0
0.026804 6 0
0.026356 5 0
0.014501 5 0
0.198206 116 0
0.018723 45 0
0.444288 25 0
0.116829 138 0
0.029055 37 0
0.21066 29 0
0.014586 74 0
0.203151 8 0
0.088559 222 0
0.566902 22 0
0.068559 66 0
0.306159 18 0
0.441901 423 0
0.318657 23 0
0.771069 35 0
0.522523 28 0
0.370643 20 0
0.315661 365 0
0.532902 52 0
0.155077 97 0
0.055495 200 0
0.043075 24 0
1.0921 101 0
0.177472 67 0
0.199099 64 0
0.443782 8 0
0.015946 29 0
0.058776 36 0
0.171867 22 0
0.078949 52 0
0.046435 23 0
0.14221 54 0
0.025768 189 0
0.102035 21 0
0.308064 108 0
0.103905 1452 0
9e-06 98 0
0.155277 26 0
0.10105 6 0
0.135381 55 0
0.15557 138 0
0.04644 58 0
0.156438 8 0
0.194472 22 0
0.057095 53 0
0.076037 8 0
0.223852 96 0
0.191063 58 0
0.459956 43 0
0.07244 66 0
0.038911 29 0
0.101112 8 0
0.219246 19 0
0.210059 55 0
0.536221 25 0
0.092775 7 0
0.722525 26 0
0.052982 62 0
0.338396 7 0
0.022252 19 0
0.082667 53 0
0.201911 33 0
0.285496 56 0
0.036194 23 0
0.274745 56 0
0.190515 7 0
0.111247 21 0
0.03576 22 0
0.059143 24 0
0.303816 21 0
0.207673 57 0
0.403739 7 0
0.324596 136 0
0.097131 53 0
0.219037 48 0
0.451809 7 0
0.042057 47 0
0.054594 254 0
0.404059 21 0
0.304374 46 0
0.023211 40 0
0.055297 113 0
0.146628 55 0
0.050473 8 0
0.116911 53 0
0.31755 35 0
0.651775 7 0
0.522557 79 0
0.334064 21 0
0.217857 8 0
0.06948 21 0
0.611978 33 0
0.186984 99 0
0.039023 73 0
0.183482 8 0
0.26607 53 0
0.256131 55 0
0.201981 47 0
0.367104 7 0
0.067207 21 0
0.66155 71 0
0.328817 8 0
0.017504 56 0
1.06817 55 0
0.338927 19 0
0.312315 68 0
0.120451 18 0
0.306961 8 0
0.323872 53 0
0.207015 52 0
0.216087 22 0
0.31759 7 0
0.781028 21 0
0.223101 52 0
0.086024 7 0
0.554994 31 0
0.017028 69 0
0.498307 7 0
0.18373 54 0
0.034272 138 0
0.111994 21 0
0.176919 55 0
0.581882 7 0
0.369922 21 0
0.195346 20 0
1.09077 42 0
0.016575 26 0
0.312294 18 0
0.014709 49 0
0.528665 24 0
0.484429 111 0
0.678377 38 0
0.016286 21 0
0.197453 110 0
0.057421 31 0
0.046529 24 0
0.015357 54 0
0.253762 91 0
0.335281 27 0
0.768854 51 0
0.017552 20 0
1.10587 35 0
0.035293 67 0
0.571778 21 0
0.424936 21 0
0.68258 54 0
0.085471 37 0
0.017691 23 0
0.338905 21 0
0.016105 51 0
1.02799 73 0
0.673483 19 0
0.392359 67 0
0.096447 35 0
0.215742 63 0
0.115965 551 0
0.087096 18 0
0.20254 40 0
0.59831 81 0
0.108842 20 0
0.352118 23 0
0.212112 210 0
0.111668 23 0
0.211273 228 0
0.449256 63 0
0.210434 20 0
0.054797 67 0
0.173203 24 0
0.383781 36 0
1.04384 22 0
0.737535 72 0
0.103823 59 0
1.261 38 0
0.015399 44 0
0.243124 72 0
0.076624 26 0
0.028731 56 0
2.54398 22 0
0.841693 44 0
0.855629 64 0
0.450573 22 0
0.798015 60 0
0.020074 7 0
0.034906 5 0
0.020156 6 0
0.026013 5 0
0.816423 63 0
1.1721 21 0
2.07302 20 0
0.300637 519 0
0.120418 21 0
0.301501 8 0
0.856161 79 0
0.035095 21 0
0.890328 8 0
0.218969 22 0
0.175756 23 0
1.11736 82 0
0.168126 1452 0
9e-06 1452 0
7e-06 1192 0
0.059711 1452 0
7e-06 719 0
0.040311 85 0
0.019892 76 0
0.043689 25 0
0.021841 38 0
0.568259 470 0
0.061637 25 0
0.030578 37 0
0.169452 20 0
1.62909 61 0
1.09298 21 0
0.429174 57 0
0.292479 45 0
0.626079 840 0
0.104503 120 0
0.653861 24 0
0.843568 28 0
2.04552 22 0
0.858338 22 0
0.462722 907 0
0.123958 19 0
0.661173 24 0
1.06698 85 0
0.541708 371 0
0.124562 68 0
0.373374 49 0
0.031773 52 0
0.300718 27 0
0.0341 80 0
0.44072 23 0
0.652408 21 0
0.713172 63 0
0.741294 24 0
1.0266 323 0
0.01871 47 0
0.087393 20 0
1.78409 97 0
0.178323 331 0
0.028718 36 0
0.074389 15 0
1.76644 24 0
0.095185 35 0
0.389154 81 0
0.394926 45 0
0.029104 29 0
0.377405 23 0
0.018717 61 0
0.240938 55 0
0.028786 6 0
0.056145 10 0
0.550839 21 0
0.51297 84 0
0.258937 20 0
0.643831 31 0
0.022979 20 0
1.41643 21 0
0.412686 96 0
1.12116 42 0
0.018372 23 0
0.333126 19 0
0.035727 76 0
0.106374 78 0
0.581592 25 0
0.297969 21 0
1.16514 41 0
0.022047 21 0
0.844915 34 0
0.038741 6 0
0.040678 21 0
0.03599 22 0
0.021309 72 0
1.16552 422 0
0.238401 40 0
0.017246 21 0
0.276611 18 0
0.026198 53 0
1.15697 20 0
2.06059 21 0
1.52932 20 0
0.640348 73 0
0.794714 21 0
1.94757 77 0
0.126157 21 0
2.11776 45 0
0.015618 29 0
0.379542 23 0
0.016555 61 0
0.439966 20 0
0.185209 63 0
0.484666 46 0
0.01606 21 0
0.35669 17 0
0.016913 73 0
0.087009 114 0
0.108222 8 0
0.760255 22 0
1.30728 207 0
0.130671 20 0
0.255957 41 0
0.023635 27 0
0.288583 19 0
0.025012 61 0
0.973609 21 0
1.96987 24 0
0.393209 122 0
0.135861 9 0
0.200175 60 0
2.32024 22 0
1.85077 40 0
0.017533 23 0
0.109351 24 0
0.190454 15 0
0.015252 64 0
0.387747 63 0
0.216138 112 0
0.124992 8 0
0.872478 35 0
0.303857 87 0
0.285619 44 0
0.017431 25 0
0.305451 24 0
0.016504 66 0
0.285477 22 0
0.167686 125 0
1.82609 20 0
0.401609 28 0
0.30714 21 0
1.13762 75 0
1.2006 21 0
0.659782 39 0
0.802893 40 0
0.020538 25 0
0.238039 18 0
0.013811 80 0
0.163047 21 0
0.809055 26 0
2.22549 87 0
0.109674 64 0
0.015263 21 0
0.288366 18 0
0.015987 64 0
0.723896 494 0
0.103252 22 0
0.213416 24 0
0.209533 62 0
0.221269 58 0
0.041458 24 0
1.59165 105 0
0.046637 8 0
0.017074 5 0
1.15533 66 0
0.339263 19 0
1.17629 233 0
0.082428 33 0
0.599958 23 0
0.245831 58 0
0.83881 62 0
0.026455 182 0
0.10795 18 0
0.557214 31 0
0.101959 24 0
0.054266 77 0
0.088066 31 0
0.588837 39 0
0.192322 45 0
0.379214 20 0
0.799711 42 0
0.340856 44 0
0.014095 24 0
0.24983 20 0
0.013184 65 0
0.438366 39 0
3.20876 21 0
0.047428 20 0
0.878699 19 0
0.256427 47 0
0.606859 21 0
1.94241 42 0
0.016761 18 0
0.309631 24 0
0.016698 81 0
0.171997 21 0
0.75261 19 0
0.064199 23 0
1.59824 18 0
0.145594 22 0
0.065712 8 0
0.907208 17 0
0.052915 61 0
2.1873 21 0
1.32752 324 0
0.112449 47 0
0.335944 23 0
0.301191 81 0
2.02324 63 0
0.94454 20 0
1.09199 134 0
0.085647 18 0
0.352928 36 0
0.101723 57 0
0.077544 24 0
0.362592 19 0
0.661826 643 0
0.014721 48 0
0.09582 17 0
1.47357 68 0
0.70075 21 0
1.62177 273 0
0.068309 24 0
0.054189 49 0
0.83116 120 0
0.113833 9 0
2.3191 20 0
0.620344 68 0
0.880274 49 0
0.226489 23 0
0.200786 19 0
1.51512 70 0
0.126393 139 0
0.885996 72 0
0.096752 26 0
0.465273 21 0
1.11496 45 0
0.015036 37 0
0.268112 25 0
0.012302 65 0
0.250948 20 0
0.307062 659 0
1.07608 55 0
0.149352 20 0
0.271678 41 0
0.286067 24 0
1.26211 19 0
0.141764 77 0
0.037023 8 0
0.846999 40 0
0.042113 67 0
0.564262 23 0
0.122822 85 0
0.656954 73 0
0.070794 57 0
0.199912 45 0
0.016986 29 0
0.255566 18 0
0.016217 70 0
0.041572 7 0
0.035126 6 0
0.140931 52 0
0.560118 48 0
0.142448 9 0
0.618761 47 0
0.494246 8 0
0.083432 65 0
0.045974 53 0
0.388741 62 0
0.386429 57 0
0.561857 47 0
0.149781 22 0
0.014353 47 0
0.837207 26 0
0.145074 186 0
0.046395 29 0
2.11677 58 0
0.202517 33 0
0.013087 22 0
0.033272 20 0
0.023036 23 0
0.00392 5 0
0.013961 5 0
0.018171 5 0
0.022466 6 0
0.091251 55 0
0.200305 47 0
0.208402 29 0
0.278184 48 0
0.744037 23 0
0.167407 62 0
2.55497 43 0
0.01297 35 0
0.221844 21 0
0.01543 76 0
0.404804 21 0
0.196796 165 0
0.082948 18 0
0.017566 69 0
0.058868 21 0
0.015204 5 0
0.033724 6 0
0.013038 5 0
0.01387 5 0
0.075953 65 0
0.216648 56 0
0.226361 58 0
0.206542 108 0
0.014433 61 0
0.088761 15 0
0.641126 226 0
0.026449 29 0
0.01614 5 0
0.020769 5 0
0.012991 69 0
0.024832 6 0
0.067649 54 0
0.018454 59 0
0.101319 22 0
0.016224 73 0
0.144703 65 0
0.085663 21 0
0.055285 6 0
0.032327 62 0
0.105333 11 0
1.38474 62 0
0.888784 1452 0
8e-06 1452 0
6e-06 1192 0
0.067102 1452 0
6e-06 1452 0
5e-06 1452 0
0.018507 1452 0
8e-06 1285 0
0.045317 140 0
0.007852 43 0
0.032591 74 0
0.016083 66 0
0.033853 15 0
0.024295 60 0
0.11028 52 0
0.012097 19 0
0.012348 27 0
0.337237 50 0
0.042479 20 0
0.014518 11 0
0.01544 5 0
0.046357 5 0
0.039776 22 0
0.033316 5 0
0.015212 5 0
0.045121 5 0
0.183482 61 0
0.203638 68 0
0.197337 58 0
0.161486 25 0
0.308254 60 0
0.051339 21 0
0.051716 6 0
0.034188 5 0
0.159279 58 0
0.199353 58 0
0.386242 60 0
0.255578 53 0
0.013429 45 0
0.043457 37 0
0.007046 590 0
0.026594 8 0
0.02543 5 0
0.013786 5 0
0.013217 18 0
0.044095 21 0
0.013387 5 0
0.025758 5 0
0.01201 6 0
0.014326 5 0
0.034747 64 0
0.037631 32 0
0.593338 1452 0
1e-05 45 0
0.043354 1452 0
0.01719 1452 0
5e-06 701 0
0.09968 48 0
0.015095 100 0
0.015758 170 0
0.024388 48 0
0.143629 53 0
0.305841 21 0
0.015359 5 0
0.017969 5 0
0.037589 5 0
0.13803 69 0
0.185473 21 0
0.127421 24 0
0.566471 533 0
0.07942 16 0
0.209413 67 0
0.07572 22 0
0.040244 5 0
0.055177 5 0
0.040288 61 0
0.047951 22 0
0.0255 5 0
0.04195 6 0
0.250168 25 0
0.117423 20 0
0.031438 63 0
0.012178 7 0
0.043406 5 0
0.200429 21 0
0.027069 5 0
0.015599 5 0
0.032499 6 0
0.025041 75 0
0.030046 65 0
0.810022 59 0
0.288615 1452 0
1.4e-05 1091 0
0.106205 55 0
0.110752 68 0
1.00546 64 0
0.224503 50 0
0.013524 48 0
0.243371 22 0
0.015229 82 0
0.013484 251 0
0.0129 7 0
0.014115 6 0
0.025133 5 0
0.036254 19 0
0.126951 58 0
0.107594 31 0
0.026959 58 0
0.013847 20 0
0.039226 137 0
0.015555 8 0
0.335707 41 0
0.013419 23 0
0.066991 836 0
0.026502 54 0
0.054151 15 0
0.10019 25 0
0.02239 73 0
0.01363 45 0
0.026714 55 0
0.174458 149 0
0.051368 54 0
0.206591 52 0
0.027311 114 0
0.113875 25 0
0.013774 20 0
0.244336 1452 0
1e-05 1452 0
7e-06 1192 0
0.060028 1452 0
9e-06 1196 0
0.038563 23 0
0.025363 343 0
0.015091 38 0
0.01527 73 0
0.026295 71 0
0.033169 1452 0
1e-05 776 0
0.111056 144 0
0.024165 67 0
0.119643 69 0
0.168044 51 0
0.013252 69 0
0.014324 36 0
0.037719 8 0
0.614812 39 0
0.496105 21 0
0.014207 29 0
0.01449 96 0
0.262824 63 0
0.051098 65 0
0.086866 36 0
0.764762 52 0
0.116648 59 0
0.052218 19 0
0.045349 23 0
0.457048 63 0
0.222924 59 0
0.809552 25 0
0.140087 56 0
0.328581 63 0
0.727914 56 0
0.084161 63 0
0.249891 73 0
0.076478 72 0
0.025069 23 0
0.216884 65 0
0.236238 36 0
0.534328 64 0
0.204727 60 0
0.380032 794 0
0.120121 63 0
0.138054 59 0
0.012993 20 0
1.0637 38 0
0.083871 61 0
0.360915 59 0
0.051943 21 0
0.076299 94 0
0.06558 23 0
0.032502 6 0
0.020315 5 0
0.01977 20 0
0.045033 8 0
0.02368 5 0
0.075019 50 0
0.384314 68 0
0.026419 203 0
0.566998 62 0
0.316443 29 0
0.14251 61 0
0.16211 21 0
0.032262 23 0
0.055941 5 0
0.004107 6 0
0.141894 64 0
0.196062 1452 0
1.1e-05 757 0
0.111815 125 0
0.113279 1452 0
9e-06 799 0
0.107109 29 0
0.018708 76 0
0.013927 93 0
0.130877 68 0
0.067231 23 0
0.02943 5 0
0.016234 6 0
0.039996 5 0
0.045453 5 0
0.029215 5 0
0.060244 5 0
0.016541 6 0
0.045644 61 0
0.071195 8 0
0.066449 5 0
0.047519 5 0
0.029541 81 0
0.054173 7 0
0.044954 5 0
0.041313 59 0
0.043838 5 0
0.05484 6 0
0.059312 5 0
0.05872 5 0
0.052686 5 0
0.058779 5 0
0.06094 5 0
0.043966 63 0
0.015085 7 0
0.069837 5 0
0.043356 5 0
0.125157 61 0
0.501079 59 0
0.101265 1452 0
1.6e-05 1452 0
1.3e-05 1192 0
0.06239 1256 0
0.016274 5 0
0.027955 29 0
0.047137 44 0
0.27044 16 0
0.320352 1452 0
1.2e-05 1452 0
1e-05 49 0
0.12019 145 0
0.014342 59 0
0.017283 48 0
0.120955 51 0
0.01682 42 0
0.070692 72 0
0.207064 51 0
0.014058 28 0
0.015321 76 0
0.040723 7 0
0.004661 6 0
0.014265 65 0
0.015577 7 0
0.184183 64 0
0.215904 62 0
0.217911 58 0
0.031256 41 0
0.013463 62 0
0.040944 25 0
0.099656 589 0
0.088019 16 0
0.042014 63 0
0.061355 26 0
0.016357 89 0
0.029016 85 0
0.730182 22 0
0.141412 76 0
0.241254 20 0
0.032843 40 0
0.055403 89 0
0.177309 61 0
0.073334 23 0
0.013416 67 0
0.029345 64 0
0.166338 42 0
0.01435 27 0
0.27595 20 0
0.015433 68 0
0.213679 64 0
0.07644 67 0
0.104149 66 0
0.132598 60 0
0.134411 26 0
0.040739 62 0
0.188375 66 0
0.02667 79 0
0.082246 63 0
0.287962 61 0
0.21021 80 0
0.128283 61 0
0.289596 61 0
0.323289 43 0
0.015901 24 0
0.048759 21 0
0.004993 21 0
0.02336 73 0
0.020982 5 0
0.015868 6 0
0.018128 5 0
0.141128 24 0
0.02554 67 0
0.873774 65 0
0.089281 62 0
0.027938 62 0
0.603887 60 0
0.023902 19 0
0.095067 64 0
0.173654 65 0
0.214284 59 0
0.039535 82 0
0.161758 546 0
0.096931 15 0
0.01838 61 0
0.200433 57 0
0.157443 333 0
0.059548 59 0
0.243587 60 0
0.049096 21 0
0.109144 63 0
0.12159 79 0
0.043733 5 0
0.054866 6 0
0.102198 61 0
0.110467 63 0
0.402334 64 0
0.128146 59 0
0.448408 59 0
0.124456 67 0
0.227811 62 0
0.105696 62 0
0.055005 115 0
0.009961 51 0
0.055234 8 0
0.091494 64 0
0.197454 57 0
0.141359 48 0
0.015772 41 0
0.027542 175 0
0.327924 60 0
0.053191 62 0
0.387012 28 0
0.025003 49 0
0.117339 20 0
0.224549 55 0
0.320708 52 0
0.102597 1275 0
0.116137 44 0
0.114303 59 0
0.016084 65 0
0.201877 57 0
0.162757 1452 0
1.9e-05 1452 0
0.056826 1452 0
1.2e-05 1452 0
9e-06 775 0
0.091623 204 0
0.03383 162 0
0.019695 142 0
0.025772 456 0
0.035579 126 0
0.019478 25 0
0.318524 115 0
0.260991 62 0
0.470628 74 0
0.240154 59 0
0.742758 208 0
0.411663 62 0
0.298968 54 0
0.030868 75 0
0.056462 31 0
0.053767 25 0
0.030766 26 0
0.047532 19 0
0.035643 52 0
0.232689 34 0
0.015876 26 0
0.077623 64 0
0.119305 19 0
0.162428 21 0
0.072794 15 0
0.015533 28 0
0.018225 18 0
0.27165 63 0
0.321793 60 0
0.333153 30 0
0.321581 21 0
0.444832 64 0
0.2108 59 0
0.202959 119 0
0.01828 29 0
0.158727 64 0
0.221695 58 0
0.203783 56 0
0.803579 62 0
0.053982 29 0
0.148938 63 0
0.525972 101 0
0.489077 22 0
0.198242 65 0
0.047095 66 0
0.213685 71 0
0.20946 62 0
0.064787 105 0
0.150174 99 0
0.04716 59 0
0.277958 60 0
0.196518 62 0
0.136572 21 0
0.182519 65 0
0.371867 52 0
0.045898 6 0
0.054597 5 0
0.213974 22 0
0.047764 6 0
0.046219 5 0
0.21469 60 0
0.033512 29 0
0.169457 63 0
0.210779 57 0
0.114399 51 0
0.015413 46 0
0.039349 167 0
0.152032 64 0
0.172227 57 0
0.314357 57 0
0.285773 61 0
0.482519 61 0
0.230268 62 0
0.029011 265 0
0.033831 20 0
0.153641 60 0
0.36376 61 0
0.149412 117 0
0.061517 24 0
0.181479 69 0
0.10882 48 0
0.054267 171 0
0.026147 79 0
0.015363 71 0
0.036508 8 0
0.026136 6 0
0.145386 68 0
0.210009 84 0
0.048426 69 0
0.242791 62 0
0.329659 105 0
0.105356 105 0
0.226186 66 0
0.03176 11 0
0.016459 31 0
0.038593 65 0
0.121766 71 0
0.226361 62 0
0.076913 102 0
0.064542 48 0
0.016575 36 0
0.043234 159 0
0.225842 60 0
0.031849 28 0
0.017905 272 0
0.558074 55 0
0.022337 18 0
0.014664 30 0
0.040008 48 0
0.117205 49 0
0.026675 26 0
0.015459 60 0
0.069148 22 0
0.023689 5 0
0.01508 5 0
0.015284 5 0
0.024115 6 0
0.127439 29 0
0.030342 160 0
0.188174 21 0
0.025905 6 0
0.016751 5 0
0.037035 29 0
0.015768 10 0
0.015597 6 0
0.028624 1191 0
0.015439 16 0
0.066354 28 0
0.023751 14 0
0.022268 23 0
0.046104 22 0
0.015777 7 0
0.024053 109 0
0.032979 20 0
0.015501 43 0
0.016587 31 0
0.040287 7 0
0.016191 5 0
0.093088 212 0
0.156126 25 0
0.016543 96 0
0.02404 7 0
0.041579 1452 0
1.3e-05 1452 0
9e-06 1192 0
0.056779 826 0
0.039712 51 0
0.017806 162 0
0.019159 77 0
0.017933 68 0
0.017936 18 0
0.041359 120 0
0.227728 58 0
0.121243 58 0
0.201614 1058 0
0.016598 63 0
0.085535 39 0
0.182441 1452 0
1e-05 1452 0
1e-05 1192 0
0.061156 1452 0
8e-06 1452 0
6e-06 697 0
0.047741 108 0
0.0167 46 0
0.030664 242 0
0.018104 15 0
0.019778 58 0
0.035945 78 0
0.026503 102 0
0.019756 222 0
0.7757 79 0
0.350014 62 0
0.137879 60 0
0.101736 30 0
0.032161 61 0
0.190339 140 0
0.356784 62 0
0.213932 58 0
0.267032 7 0
0.016432 56 0
0.118819 57 0
0.18371 68 0
0.031373 41 0
0.074999 26 0
0.031658 27 0
0.02148 859 0
0.056029 31 0
0.017099 52 0
0.033601 21 0
0.015179 19 0
0.025574 107 0
0.031793 36 0
0.08651 19 0
0.028696 22 0
0.18688 20 0
0.016978 15 0
0.070606 66 0
0.756907 20 0
0.145088 1109 0
0.10801 26 0
0.214431 25 0
0.17558 232 0
0.53669 42 0
0.087568 130 0
0.715732 46 0
0.697611 30 0
0.154271 27 0
0.749443 302 0
0.163842 210 0
0.231823 22 0
0.816811 649 0
0.117448 15 0
0.571151 24 0
1.09051 109 0
0.109156 46 0
1.41926 140 0
0.019515 249 0
0.639597 107 0
0.204913 339 0
0.017513 21 0
0.09263 102 0
0.183829 282 0
0.355175 103 0
0.38726 463 0
0.08718 15 0
0.248817 234 0
0.109701 32 0
0.066436 15 0
0.039453 24 0
0.763096 105 0
1.68808 65 0
0.887188 69 0
0.084758 21 0
0.887841 545 0
0.093194 46 0
0.535553 24 0
1.52858 46 0
0.018556 36 0
0.31459 26 0
0.017495 78 0
0.704557 21 0
0.728071 61 0
0.218775 22 0
1.45996 21 0
0.258242 108 0
1.7075 20 0
1.17231 99 0
0.087523 137 0
0.081015 8 0
0.057525 20 0
0.151906 21 0
0.701036 76 0
0.348254 40 0
0.443344 21 0
1.24566 107 0
1.1989 76 0
1.07986 21 0
1.47236 20 0
0.293734 471 0
0.082155 18 0
0.468224 180 0
0.102947 16 0
0.484185 52 0
0.883222 26 0
0.080746 20 0
1.14427 19 0
0.037992 74 0
0.623638 34 0
0.722003 41 0
0.014702 27 0
0.061207 24 0
0.204309 23 0
0.016362 75 0
0.394756 27 0
0.488668 23 0
0.136364 42 0
0.039742 73 0
0.684721 45 0
0.014191 21 0
0.283782 19 0
0.015799 69 0
0.304597 45 0
0.770737 28 0
0.157779 68 0
0.032696 21 0
0.398491 145 0
0.735741 101 0
0.327742 21 0
0.334132 141 0
0.086436 20 0
0.446682 30 0
0.031842 34 0
0.296388 70 0
0.974879 68 0
1.3755 119 0
0.114596 461 0
0.109998 16 0
0.754178 69 0
0.457599 24 0
1.36295 71 0
0.76085 68 0
1.46385 71 0
0.044072 38 0
0.54914 68 0
0.203269 60 0
0.201157 62 0
0.066093 75 0
0.106764 136 0
0.034685 64 0
0.050237 53 0
0.090646 61 0
0.059582 44 0
0.161511 59 0
0.197753 60 0
0.382948 49 0
0.022801 5 0
0.05488 15 0
0.035756 9 0
0.078798 58 0
0.393266 59 0
0.224159 58 0
0.230187 56 0
0.185473 52 0
1.04116 68 0
0.102103 494 0
0.108648 19 0
0.096525 23 0
0.282445 22 0
0.187516 53 0
0.516461 70 0
0.085071 141 0
0.054902 22 0
0.042666 9 0
0.266865 55 0
0.220977 8 0
0.04765 24 0
0.518398 51 0
0.179398 65 0
0.147195 42 0
0.015619 25 0
0.331466 22 0
0.022003 78 0
0.150485 36 0
0.80015 29 0
0.534254 22 0
0.044709 6 0
0.019778 5 0
0.030962 5 0
0.597342 168 0
0.160556 18 0
0.03232 21 0
0.133838 61 0
0.230596 74 0
0.698766 8 0
0.171909 80 0
0.188929 23 0
0.026624 72 0
0.448578 98 0
1.06626 46 0
0.515809 71 0
0.559218 46 0
0.734054 239 0
0.085743 18 0
0.167089 21 0
0.824008 29 0
0.088434 57 0
0.42728 21 0
0.031968 24 0
0.24933 36 0
0.413342 30 0
0.500657 29 0
0.504879 129 0
0.13156 18 0
0.825632 75 0
0.111691 72 0
0.1141 8 0
0.656608 30 0
0.125234 22 0
0.642152 69 0
0.114964 63 0
0.64555 24 0
0.547085 88 0
0.100554 141 0
0.577198 19 0
