@;K_1;>syscalls.h
@;K_2;>usyscalls.h
K;stat(a,b)
K;sigaction(a,b,c)
K;open
K;crypt
K;getrusage
K;time
K;getpid
K;gettimeofday
K;sigfillset
K;random
K;socket
K;getpwnam
K;getgrnam
K;setregid
K;setreuid
K;seteuid
K;umask
K;daemon
K;srand
K;sync
K;setsockopt
K;getuid
K;geteuid
K;exit
K;mkstemp
K;getcwd
K;openlog
K;closelog
K;vsyslog
K;connect
K;listen
K;bind
K;fcntl
K;getsockname
K;sendto
K;recvfrom
K;recvmsg
K;fopen
K;getpagesize
K;write
K;select
K;accept
K;sendmsg
K;close
K;read
K;writev
K;perror
K;_exit
K;abort
K;getpeername
K;getsockopt
K;chmod
K;unlink
K;link
K;chdir
K;uname
K;ioctl
K;setgroups
K;getenv
K;zmalloc
K;zcalloc
K;zrealloc
w;K;#endif
