aclocal.m4
AUTHORS
bgpd
ChangeLog
config.guess
config.h.in
config.sub
configure
configure.ac
COPYING
COPYING.LIB
depcomp
doc
INSTALL
install-sh
isisd
lib/ChangeLog
lib/daemon.c
lib/Makefile.am
lib/Makefile.in
lib/version.h.in
ltmain.sh
m4
Makefile.am
Makefile.in
missing
mkinstalldirs
NEWS
ospf6d
ospfclient
ospfd/ChangeLog
ospfd/ChangeLog.opaque.txt
ospfd/Makefile.am
ospfd/Makefile.in
ospfd/ospfd.conf.sample
ospfd/OSPF-MIB.txt
ospfd/OSPF-TRAP-MIB.txt
pkgsrc
README
redhat
REPORTING-BUGS
ripd/ChangeLog
ripd/Makefile.am
ripd/Makefile.in
ripd/ripd.conf.sample
ripd/RIPv2-MIB.txt
ripngd
SERVICES
solaris
tests
TODO
tools
update-autotools
vtysh
watchquagga
zebra/ChangeLog
zebra/GNOME-PRODUCT-ZEBRA-MIB
zebra/GNOME-SMI
zebra/ipforward_sysctl.c
zebra/kernel_socket.c
zebra/Makefile.am
zebra/Makefile.in
zebra/zebra.conf.sample
